[2019-08-14 18:31:08.933] [renderer1] [error] Error: [File Watcher (chokidar)] Inotify limit reached (ENOSPC)
[2019-08-14 18:31:08.970] [renderer1] [error] [File Watcher (chokidar)] Inotify limit reached (ENOSPC)
[2019-08-14 18:31:38.866] [renderer1] [error] Cannot read property 'stack' of undefined: TypeError: Cannot read property 'stack' of undefined
    at t.onMessage.process.on.t.catch.t (/snap/code/12/usr/share/code/resources/app/out/vs/workbench/services/extensions/node/extensionHostProcess.js:775:578)
[2019-08-14 21:30:45.236] [renderer1] [error] Packets out of order. Got: 0 Expected: 5: Error: Packets out of order. Got: 0 Expected: 5
    at Parser._tryReadPacketHeader (/home/samappagency/.vscode/extensions/bajdzis.vscode-database-2.2.0/out/extension.js:10246:15)
    at Parser.write (/home/samappagency/.vscode/extensions/bajdzis.vscode-database-2.2.0/out/extension.js:9809:29)
    at Protocol.module.exports.Protocol.write (/home/samappagency/.vscode/extensions/bajdzis.vscode-database-2.2.0/out/extension.js:9345:16)
    at Socket.<anonymous> (/home/samappagency/.vscode/extensions/bajdzis.vscode-database-2.2.0/out/extension.js:1652:28)
    at Socket.module.exports.exports.CLIENT_LONG_PASSWORD (/home/samappagency/.vscode/extensions/bajdzis.vscode-database-2.2.0/out/extension.js:2086:10)
    at Socket.emit (events.js:182:13)
    at addChunk (_stream_readable.js:283:12)
    at readableAddChunk (_stream_readable.js:264:11)
    at Socket.Readable.push (_stream_readable.js:219:10)
    at TCP.onStreamRead [as onread] (internal/stream_base_commons.js:94:17)
[2019-08-14 21:40:16.167] [renderer1] [error] Cannot read property 'stack' of undefined: TypeError: Cannot read property 'stack' of undefined
    at t.onMessage.process.on.t.catch.t (/snap/code/12/usr/share/code/resources/app/out/vs/workbench/services/extensions/node/extensionHostProcess.js:775:578)
[2019-08-14 21:40:28.929] [renderer1] [error] Cannot read property 'stack' of undefined: TypeError: Cannot read property 'stack' of undefined
    at t.onMessage.process.on.t.catch.t (/snap/code/12/usr/share/code/resources/app/out/vs/workbench/services/extensions/node/extensionHostProcess.js:775:578)
[2019-08-14 21:40:42.728] [renderer1] [error] Cannot read property 'stack' of undefined: TypeError: Cannot read property 'stack' of undefined
    at t.onMessage.process.on.t.catch.t (/snap/code/12/usr/share/code/resources/app/out/vs/workbench/services/extensions/node/extensionHostProcess.js:775:578)
[2019-08-14 22:01:08.839] [renderer1] [error] Illegal argument: character must be non-negative: Error: Illegal argument: character must be non-negative
    at Object.t.illegalArgument (/snap/code/12/usr/share/code/resources/app/out/vs/workbench/services/extensions/node/extensionHostProcess.js:13:195)
    at new g (/snap/code/12/usr/share/code/resources/app/out/vs/workbench/services/extensions/node/extensionHostProcess.js:346:390)
    at new g (/snap/code/12/usr/share/code/resources/app/out/vs/workbench/services/extensions/node/extensionHostProcess.js:345:619)
    at translate (/snap/code/12/usr/share/code/resources/app/out/vs/workbench/services/extensions/node/extensionHostProcess.js:347:697)
    at Function.getWordRange (/home/samappagency/.vscode/extensions/thenouillet.symfony-vscode-1.0.2/out/mvc/editing/EditingUtils.js:8:64)
    at ServiceDocumentationCodeActionProvider.provideCodeActions (/home/samappagency/.vscode/extensions/thenouillet.symfony-vscode-1.0.2/out/mvc/editing/codeaction/ServiceDocumentationCodeActionProvider.js:18:69)
    at define.provideCodeActions.o.asPromise (/snap/code/12/usr/share/code/resources/app/out/vs/workbench/services/extensions/node/extensionHostProcess.js:556:905)
    at t.asPromise.Promise (/snap/code/12/usr/share/code/resources/app/out/vs/workbench/services/extensions/node/extensionHostProcess.js:55:720)
    at new Promise (<anonymous>)
    at Object.t.asPromise (/snap/code/12/usr/share/code/resources/app/out/vs/workbench/services/extensions/node/extensionHostProcess.js:55:692)
    at S.provideCodeActions (/snap/code/12/usr/share/code/resources/app/out/vs/workbench/services/extensions/node/extensionHostProcess.js:556:876)
    at define.$provideCodeActions._withAdapter.e (/snap/code/12/usr/share/code/resources/app/out/vs/workbench/services/extensions/node/extensionHostProcess.js:573:417)
    at W._withAdapter (/snap/code/12/usr/share/code/resources/app/out/vs/workbench/services/extensions/node/extensionHostProcess.js:569:219)
    at W.$provideCodeActions (/snap/code/12/usr/share/code/resources/app/out/vs/workbench/services/extensions/node/extensionHostProcess.js:573:395)
    at d._doInvokeHandler (/snap/code/12/usr/share/code/resources/app/out/vs/workbench/services/extensions/node/extensionHostProcess.js:668:1006)
    at d._invokeHandler (/snap/code/12/usr/share/code/resources/app/out/vs/workbench/services/extensions/node/extensionHostProcess.js:668:698)
    at d._receiveRequest (/snap/code/12/usr/share/code/resources/app/out/vs/workbench/services/extensions/node/extensionHostProcess.js:667:293)
    at d._receiveOneMessage (/snap/code/12/usr/share/code/resources/app/out/vs/workbench/services/extensions/node/extensionHostProcess.js:666:141)
    at define.constructor._protocol.onMessage.e (/snap/code/12/usr/share/code/resources/app/out/vs/workbench/services/extensions/node/extensionHostProcess.js:664:400)
    at u.fire (/snap/code/12/usr/share/code/resources/app/out/vs/workbench/services/extensions/node/extensionHostProcess.js:50:207)
    at a (/snap/code/12/usr/share/code/resources/app/out/vs/workbench/services/extensions/node/extensionHostProcess.js:180:27)
    at e (/snap/code/12/usr/share/code/resources/app/out/vs/workbench/services/extensions/node/extensionHostProcess.js:180:73)
    at u.fire (/snap/code/12/usr/share/code/resources/app/out/vs/workbench/services/extensions/node/extensionHostProcess.js:50:207)
    at n.constructor.e.onMessage.e (/snap/code/12/usr/share/code/resources/app/out/vs/workbench/services/extensions/node/extensionHostProcess.js:775:104)
    at u.fire (/snap/code/12/usr/share/code/resources/app/out/vs/workbench/services/extensions/node/extensionHostProcess.js:50:207)
    at a (/snap/code/12/usr/share/code/resources/app/out/vs/workbench/services/extensions/node/extensionHostProcess.js:180:27)
    at e (/snap/code/12/usr/share/code/resources/app/out/vs/workbench/services/extensions/node/extensionHostProcess.js:180:73)
    at u.fire (/snap/code/12/usr/share/code/resources/app/out/vs/workbench/services/extensions/node/extensionHostProcess.js:50:207)
    at y._receiveMessage (/snap/code/12/usr/share/code/resources/app/out/vs/workbench/services/extensions/node/extensionHostProcess.js:188:921)
    at define.constructor._socketDisposables.push._socketReader.onMessage.e (/snap/code/12/usr/share/code/resources/app/out/vs/workbench/services/extensions/node/extensionHostProcess.js:186:204)
    at u.fire (/snap/code/12/usr/share/code/resources/app/out/vs/workbench/services/extensions/node/extensionHostProcess.js:50:207)
    at f.acceptChunk (/snap/code/12/usr/share/code/resources/app/out/vs/workbench/services/extensions/node/extensionHostProcess.js:182:778)
    at define.constructor._register._socket.onData.e (/snap/code/12/usr/share/code/resources/app/out/vs/workbench/services/extensions/node/extensionHostProcess.js:182:130)
    at Socket.t (/snap/code/12/usr/share/code/resources/app/out/vs/workbench/services/extensions/node/extensionHostProcess.js:190:419)
    at Socket.emit (events.js:182:13)
    at addChunk (_stream_readable.js:283:12)
    at readableAddChunk (_stream_readable.js:264:11)
    at Socket.Readable.push (_stream_readable.js:219:10)
    at Pipe.onStreamRead [as onread] (internal/stream_base_commons.js:94:17)
[2019-08-14 22:01:09.976] [renderer1] [error] The argument 'file' cannot be empty. Received '': TypeError [ERR_INVALID_ARG_VALUE]: The argument 'file' cannot be empty. Received ''
    at normalizeSpawnArguments (child_process.js:407:11)
    at Object.spawn (child_process.js:537:38)
    at Sniffer.<anonymous> (/home/samappagency/.vscode/extensions/valeryanm.vscode-phpsab-0.0.3/out/sniffer.js:175:45)
    at Generator.next (<anonymous>)
    at fulfilled (/home/samappagency/.vscode/extensions/valeryanm.vscode-phpsab-0.0.3/out/sniffer.js:9:58)
[2019-08-14 22:22:49.061] [renderer1] [error] Cannot enqueue Query after fatal error.
[2019-08-14 22:22:51.018] [renderer1] [error] Cannot enqueue Query after fatal error.
[2019-08-14 22:22:53.106] [renderer1] [error] Cannot enqueue Query after fatal error.
[2019-08-14 22:22:54.286] [renderer1] [error] Cannot enqueue Query after fatal error.
[2019-08-14 22:26:50.229] [renderer1] [error] Illegal argument: character must be non-negative: Error: Illegal argument: character must be non-negative
    at Object.t.illegalArgument (/snap/code/12/usr/share/code/resources/app/out/vs/workbench/services/extensions/node/extensionHostProcess.js:13:195)
    at new g (/snap/code/12/usr/share/code/resources/app/out/vs/workbench/services/extensions/node/extensionHostProcess.js:346:390)
    at new g (/snap/code/12/usr/share/code/resources/app/out/vs/workbench/services/extensions/node/extensionHostProcess.js:345:619)
    at translate (/snap/code/12/usr/share/code/resources/app/out/vs/workbench/services/extensions/node/extensionHostProcess.js:347:697)
    at Function.getWordRange (/home/samappagency/.vscode/extensions/thenouillet.symfony-vscode-1.0.2/out/mvc/editing/EditingUtils.js:8:64)
    at ServiceDocumentationCodeActionProvider.provideCodeActions (/home/samappagency/.vscode/extensions/thenouillet.symfony-vscode-1.0.2/out/mvc/editing/codeaction/ServiceDocumentationCodeActionProvider.js:18:69)
    at define.provideCodeActions.o.asPromise (/snap/code/12/usr/share/code/resources/app/out/vs/workbench/services/extensions/node/extensionHostProcess.js:556:905)
    at t.asPromise.Promise (/snap/code/12/usr/share/code/resources/app/out/vs/workbench/services/extensions/node/extensionHostProcess.js:55:720)
    at new Promise (<anonymous>)
    at Object.t.asPromise (/snap/code/12/usr/share/code/resources/app/out/vs/workbench/services/extensions/node/extensionHostProcess.js:55:692)
    at S.provideCodeActions (/snap/code/12/usr/share/code/resources/app/out/vs/workbench/services/extensions/node/extensionHostProcess.js:556:876)
    at define.$provideCodeActions._withAdapter.e (/snap/code/12/usr/share/code/resources/app/out/vs/workbench/services/extensions/node/extensionHostProcess.js:573:417)
    at W._withAdapter (/snap/code/12/usr/share/code/resources/app/out/vs/workbench/services/extensions/node/extensionHostProcess.js:569:219)
    at W.$provideCodeActions (/snap/code/12/usr/share/code/resources/app/out/vs/workbench/services/extensions/node/extensionHostProcess.js:573:395)
    at d._doInvokeHandler (/snap/code/12/usr/share/code/resources/app/out/vs/workbench/services/extensions/node/extensionHostProcess.js:668:1006)
    at d._invokeHandler (/snap/code/12/usr/share/code/resources/app/out/vs/workbench/services/extensions/node/extensionHostProcess.js:668:698)
    at d._receiveRequest (/snap/code/12/usr/share/code/resources/app/out/vs/workbench/services/extensions/node/extensionHostProcess.js:667:293)
    at d._receiveOneMessage (/snap/code/12/usr/share/code/resources/app/out/vs/workbench/services/extensions/node/extensionHostProcess.js:666:141)
    at define.constructor._protocol.onMessage.e (/snap/code/12/usr/share/code/resources/app/out/vs/workbench/services/extensions/node/extensionHostProcess.js:664:400)
    at u.fire (/snap/code/12/usr/share/code/resources/app/out/vs/workbench/services/extensions/node/extensionHostProcess.js:50:207)
    at a (/snap/code/12/usr/share/code/resources/app/out/vs/workbench/services/extensions/node/extensionHostProcess.js:180:27)
    at e (/snap/code/12/usr/share/code/resources/app/out/vs/workbench/services/extensions/node/extensionHostProcess.js:180:73)
    at u.fire (/snap/code/12/usr/share/code/resources/app/out/vs/workbench/services/extensions/node/extensionHostProcess.js:50:207)
    at n.constructor.e.onMessage.e (/snap/code/12/usr/share/code/resources/app/out/vs/workbench/services/extensions/node/extensionHostProcess.js:775:104)
    at u.fire (/snap/code/12/usr/share/code/resources/app/out/vs/workbench/services/extensions/node/extensionHostProcess.js:50:207)
    at a (/snap/code/12/usr/share/code/resources/app/out/vs/workbench/services/extensions/node/extensionHostProcess.js:180:27)
    at e (/snap/code/12/usr/share/code/resources/app/out/vs/workbench/services/extensions/node/extensionHostProcess.js:180:73)
    at u.fire (/snap/code/12/usr/share/code/resources/app/out/vs/workbench/services/extensions/node/extensionHostProcess.js:50:207)
    at y._receiveMessage (/snap/code/12/usr/share/code/resources/app/out/vs/workbench/services/extensions/node/extensionHostProcess.js:188:921)
    at define.constructor._socketDisposables.push._socketReader.onMessage.e (/snap/code/12/usr/share/code/resources/app/out/vs/workbench/services/extensions/node/extensionHostProcess.js:186:204)
    at u.fire (/snap/code/12/usr/share/code/resources/app/out/vs/workbench/services/extensions/node/extensionHostProcess.js:50:207)
    at f.acceptChunk (/snap/code/12/usr/share/code/resources/app/out/vs/workbench/services/extensions/node/extensionHostProcess.js:182:778)
    at define.constructor._register._socket.onData.e (/snap/code/12/usr/share/code/resources/app/out/vs/workbench/services/extensions/node/extensionHostProcess.js:182:130)
    at Socket.t (/snap/code/12/usr/share/code/resources/app/out/vs/workbench/services/extensions/node/extensionHostProcess.js:190:419)
    at Socket.emit (events.js:182:13)
    at addChunk (_stream_readable.js:283:12)
    at readableAddChunk (_stream_readable.js:264:11)
    at Socket.Readable.push (_stream_readable.js:219:10)
    at Pipe.onStreamRead [as onread] (internal/stream_base_commons.js:94:17)
