[2019-08-14 13:21:24.508] [renderer1] [error] Error: [File Watcher (chokidar)] Inotify limit reached (ENOSPC)
[2019-08-14 13:21:24.529] [renderer1] [error] [File Watcher (chokidar)] Inotify limit reached (ENOSPC)
[2019-08-14 13:21:31.403] [renderer1] [warning] UNRESPONSIVE extension host, 'ecmel.vscode-html-css' took 28% of 5116.185ms, saved PROFILE here: '/tmp/exthost-2b51a1.cpuprofile' [{"id":"bajdzis.vscode-database","total":12442,"percentage":0},{"id":"cweijan.vscode-mysql-manager","total":4430,"percentage":0},{"id":"ecmel.vscode-html-css","total":1407970,"percentage":28},{"id":"gc","total":52708,"percentage":1},{"id":"HookyQR.beautify","total":224905,"percentage":4},{"id":"mblode.twig-language-2","total":151567,"percentage":3},{"id":"michelemelluso.code-beautifier","total":112641,"percentage":2},{"id":"pranaygp.vscode-css-peek","total":196391,"percentage":4},{"id":"self","total":1421859,"percentage":28},{"id":"Shan.code-settings-sync","total":120305,"percentage":2},{"id":"Sophisticode.php-formatter","total":74142,"percentage":1},{"id":"vscode-icons-team.vscode-icons","total":22096,"percentage":0},{"id":"vscode.debug-auto-launch","total":1881,"percentage":0},{"id":"vscode.emmet","total":7331,"percentage":0},{"id":"vscode.git","total":8512,"percentage":0},{"id":"vscode.merge-conflict","total":1321,"percentage":0},{"id":"Zignd.html-css-class-completion","total":1295427,"percentage":25}]
[2019-08-14 13:38:20.955] [renderer1] [warning] UNRESPONSIVE extension host, 'valeryanm.vscode-phpsab' took 100% of 357.805ms, saved PROFILE here: '/tmp/exthost-e0db8b.cpuprofile' [{"id":"valeryanm.vscode-phpsab","total":356707,"percentage":100}]
[2019-08-14 13:38:21.895] [renderer1] [error] The argument 'file' cannot be empty. Received '': TypeError [ERR_INVALID_ARG_VALUE]: The argument 'file' cannot be empty. Received ''
    at normalizeSpawnArguments (child_process.js:407:11)
    at Object.spawn (child_process.js:537:38)
    at Sniffer.<anonymous> (/home/samappagency/.vscode/extensions/valeryanm.vscode-phpsab-0.0.3/out/sniffer.js:175:45)
    at Generator.next (<anonymous>)
    at fulfilled (/home/samappagency/.vscode/extensions/valeryanm.vscode-phpsab-0.0.3/out/sniffer.js:9:58)
[2019-08-14 13:39:54.210] [renderer1] [error] Cannot read property 'name' of null: TypeError: Cannot read property 'name' of null
    at F (/home/samappagency/.vscode/extensions/bmewburn.vscode-intelephense-client-1.1.6/lib/extension.js:1:176093)
    at F (/home/samappagency/.vscode/extensions/bmewburn.vscode-intelephense-client-1.1.6/lib/extension.js:1:176238)
    at Array.map (<anonymous>)
    at Object.asDocumentSymbols (/home/samappagency/.vscode/extensions/bmewburn.vscode-intelephense-client-1.1.6/lib/extension.js:1:180238)
    at module.exports.registerLanguageProvider.t.sendRequest.then.e (/home/samappagency/.vscode/extensions/bmewburn.vscode-intelephense-client-1.1.6/lib/extension.js:1:39603)
[2019-08-14 13:41:09.808] [renderer1] [error] The argument 'file' cannot be empty. Received '': TypeError [ERR_INVALID_ARG_VALUE]: The argument 'file' cannot be empty. Received ''
    at normalizeSpawnArguments (child_process.js:407:11)
    at Object.spawn (child_process.js:537:38)
    at Sniffer.<anonymous> (/home/samappagency/.vscode/extensions/valeryanm.vscode-phpsab-0.0.3/out/sniffer.js:175:45)
    at Generator.next (<anonymous>)
    at fulfilled (/home/samappagency/.vscode/extensions/valeryanm.vscode-phpsab-0.0.3/out/sniffer.js:9:58)
[2019-08-14 13:41:14.734] [renderer1] [error] The argument 'file' cannot be empty. Received '': TypeError [ERR_INVALID_ARG_VALUE]: The argument 'file' cannot be empty. Received ''
    at normalizeSpawnArguments (child_process.js:407:11)
    at Object.spawn (child_process.js:537:38)
    at Sniffer.<anonymous> (/home/samappagency/.vscode/extensions/valeryanm.vscode-phpsab-0.0.3/out/sniffer.js:175:45)
    at Generator.next (<anonymous>)
    at fulfilled (/home/samappagency/.vscode/extensions/valeryanm.vscode-phpsab-0.0.3/out/sniffer.js:9:58)
[2019-08-14 13:46:32.725] [renderer1] [error] The argument 'file' cannot be empty. Received '': TypeError [ERR_INVALID_ARG_VALUE]: The argument 'file' cannot be empty. Received ''
    at normalizeSpawnArguments (child_process.js:407:11)
    at Object.spawn (child_process.js:537:38)
    at Sniffer.<anonymous> (/home/samappagency/.vscode/extensions/valeryanm.vscode-phpsab-0.0.3/out/sniffer.js:175:45)
    at Generator.next (<anonymous>)
    at fulfilled (/home/samappagency/.vscode/extensions/valeryanm.vscode-phpsab-0.0.3/out/sniffer.js:9:58)
[2019-08-14 13:49:14.545] [renderer1] [error] The argument 'file' cannot be empty. Received '': TypeError [ERR_INVALID_ARG_VALUE]: The argument 'file' cannot be empty. Received ''
    at normalizeSpawnArguments (child_process.js:407:11)
    at Object.spawn (child_process.js:537:38)
    at Sniffer.<anonymous> (/home/samappagency/.vscode/extensions/valeryanm.vscode-phpsab-0.0.3/out/sniffer.js:175:45)
    at Generator.next (<anonymous>)
    at fulfilled (/home/samappagency/.vscode/extensions/valeryanm.vscode-phpsab-0.0.3/out/sniffer.js:9:58)
[2019-08-14 13:50:23.810] [renderer1] [error] Cannot read property 'name' of null: TypeError: Cannot read property 'name' of null
    at F (/home/samappagency/.vscode/extensions/bmewburn.vscode-intelephense-client-1.1.6/lib/extension.js:1:176093)
    at F (/home/samappagency/.vscode/extensions/bmewburn.vscode-intelephense-client-1.1.6/lib/extension.js:1:176238)
    at F (/home/samappagency/.vscode/extensions/bmewburn.vscode-intelephense-client-1.1.6/lib/extension.js:1:176238)
    at Array.map (<anonymous>)
    at Object.asDocumentSymbols (/home/samappagency/.vscode/extensions/bmewburn.vscode-intelephense-client-1.1.6/lib/extension.js:1:180238)
    at module.exports.registerLanguageProvider.t.sendRequest.then.e (/home/samappagency/.vscode/extensions/bmewburn.vscode-intelephense-client-1.1.6/lib/extension.js:1:39603)
[2019-08-14 13:50:25.243] [renderer1] [error] Cannot read property 'name' of null: TypeError: Cannot read property 'name' of null
    at F (/home/samappagency/.vscode/extensions/bmewburn.vscode-intelephense-client-1.1.6/lib/extension.js:1:176093)
    at F (/home/samappagency/.vscode/extensions/bmewburn.vscode-intelephense-client-1.1.6/lib/extension.js:1:176238)
    at F (/home/samappagency/.vscode/extensions/bmewburn.vscode-intelephense-client-1.1.6/lib/extension.js:1:176238)
    at Array.map (<anonymous>)
    at Object.asDocumentSymbols (/home/samappagency/.vscode/extensions/bmewburn.vscode-intelephense-client-1.1.6/lib/extension.js:1:180238)
    at module.exports.registerLanguageProvider.t.sendRequest.then.e (/home/samappagency/.vscode/extensions/bmewburn.vscode-intelephense-client-1.1.6/lib/extension.js:1:39603)
[2019-08-14 13:50:59.507] [renderer1] [error] The argument 'file' cannot be empty. Received '': TypeError [ERR_INVALID_ARG_VALUE]: The argument 'file' cannot be empty. Received ''
    at normalizeSpawnArguments (child_process.js:407:11)
    at Object.spawn (child_process.js:537:38)
    at Sniffer.<anonymous> (/home/samappagency/.vscode/extensions/valeryanm.vscode-phpsab-0.0.3/out/sniffer.js:175:45)
    at Generator.next (<anonymous>)
    at fulfilled (/home/samappagency/.vscode/extensions/valeryanm.vscode-phpsab-0.0.3/out/sniffer.js:9:58)
[2019-08-14 13:51:00.577] [renderer1] [error] The argument 'file' cannot be empty. Received '': TypeError [ERR_INVALID_ARG_VALUE]: The argument 'file' cannot be empty. Received ''
    at normalizeSpawnArguments (child_process.js:407:11)
    at Object.spawn (child_process.js:537:38)
    at Sniffer.<anonymous> (/home/samappagency/.vscode/extensions/valeryanm.vscode-phpsab-0.0.3/out/sniffer.js:175:45)
    at Generator.next (<anonymous>)
    at fulfilled (/home/samappagency/.vscode/extensions/valeryanm.vscode-phpsab-0.0.3/out/sniffer.js:9:58)
[2019-08-14 13:59:51.251] [renderer1] [error] The argument 'file' cannot be empty. Received '': TypeError [ERR_INVALID_ARG_VALUE]: The argument 'file' cannot be empty. Received ''
    at normalizeSpawnArguments (child_process.js:407:11)
    at Object.spawn (child_process.js:537:38)
    at Sniffer.<anonymous> (/home/samappagency/.vscode/extensions/valeryanm.vscode-phpsab-0.0.3/out/sniffer.js:175:45)
    at Generator.next (<anonymous>)
    at fulfilled (/home/samappagency/.vscode/extensions/valeryanm.vscode-phpsab-0.0.3/out/sniffer.js:9:58)
[2019-08-14 13:59:54.666] [renderer1] [error] The argument 'file' cannot be empty. Received '': TypeError [ERR_INVALID_ARG_VALUE]: The argument 'file' cannot be empty. Received ''
    at normalizeSpawnArguments (child_process.js:407:11)
    at Object.spawn (child_process.js:537:38)
    at Sniffer.<anonymous> (/home/samappagency/.vscode/extensions/valeryanm.vscode-phpsab-0.0.3/out/sniffer.js:175:45)
    at Generator.next (<anonymous>)
    at fulfilled (/home/samappagency/.vscode/extensions/valeryanm.vscode-phpsab-0.0.3/out/sniffer.js:9:58)
[2019-08-14 13:59:55.689] [renderer1] [error] The argument 'file' cannot be empty. Received '': TypeError [ERR_INVALID_ARG_VALUE]: The argument 'file' cannot be empty. Received ''
    at normalizeSpawnArguments (child_process.js:407:11)
    at Object.spawn (child_process.js:537:38)
    at Sniffer.<anonymous> (/home/samappagency/.vscode/extensions/valeryanm.vscode-phpsab-0.0.3/out/sniffer.js:175:45)
    at Generator.next (<anonymous>)
    at fulfilled (/home/samappagency/.vscode/extensions/valeryanm.vscode-phpsab-0.0.3/out/sniffer.js:9:58)
[2019-08-14 14:00:17.472] [renderer1] [error] The argument 'file' cannot be empty. Received '': TypeError [ERR_INVALID_ARG_VALUE]: The argument 'file' cannot be empty. Received ''
    at normalizeSpawnArguments (child_process.js:407:11)
    at Object.spawn (child_process.js:537:38)
    at Sniffer.<anonymous> (/home/samappagency/.vscode/extensions/valeryanm.vscode-phpsab-0.0.3/out/sniffer.js:175:45)
    at Generator.next (<anonymous>)
    at fulfilled (/home/samappagency/.vscode/extensions/valeryanm.vscode-phpsab-0.0.3/out/sniffer.js:9:58)
[2019-08-14 14:01:36.434] [renderer1] [error] The argument 'file' cannot be empty. Received '': TypeError [ERR_INVALID_ARG_VALUE]: The argument 'file' cannot be empty. Received ''
    at normalizeSpawnArguments (child_process.js:407:11)
    at Object.spawn (child_process.js:537:38)
    at Sniffer.<anonymous> (/home/samappagency/.vscode/extensions/valeryanm.vscode-phpsab-0.0.3/out/sniffer.js:175:45)
    at Generator.next (<anonymous>)
    at fulfilled (/home/samappagency/.vscode/extensions/valeryanm.vscode-phpsab-0.0.3/out/sniffer.js:9:58)
[2019-08-14 14:02:23.834] [renderer1] [error] The argument 'file' cannot be empty. Received '': TypeError [ERR_INVALID_ARG_VALUE]: The argument 'file' cannot be empty. Received ''
    at normalizeSpawnArguments (child_process.js:407:11)
    at Object.spawn (child_process.js:537:38)
    at Sniffer.<anonymous> (/home/samappagency/.vscode/extensions/valeryanm.vscode-phpsab-0.0.3/out/sniffer.js:175:45)
    at Generator.next (<anonymous>)
    at fulfilled (/home/samappagency/.vscode/extensions/valeryanm.vscode-phpsab-0.0.3/out/sniffer.js:9:58)
[2019-08-14 14:25:11.948] [renderer1] [error] The argument 'file' cannot be empty. Received '': TypeError [ERR_INVALID_ARG_VALUE]: The argument 'file' cannot be empty. Received ''
    at normalizeSpawnArguments (child_process.js:407:11)
    at Object.spawn (child_process.js:537:38)
    at Sniffer.<anonymous> (/home/samappagency/.vscode/extensions/valeryanm.vscode-phpsab-0.0.3/out/sniffer.js:175:45)
    at Generator.next (<anonymous>)
    at fulfilled (/home/samappagency/.vscode/extensions/valeryanm.vscode-phpsab-0.0.3/out/sniffer.js:9:58)
[2019-08-14 14:25:39.607] [renderer1] [error] The argument 'file' cannot be empty. Received '': TypeError [ERR_INVALID_ARG_VALUE]: The argument 'file' cannot be empty. Received ''
    at normalizeSpawnArguments (child_process.js:407:11)
    at Object.spawn (child_process.js:537:38)
    at Sniffer.<anonymous> (/home/samappagency/.vscode/extensions/valeryanm.vscode-phpsab-0.0.3/out/sniffer.js:175:45)
    at Generator.next (<anonymous>)
    at fulfilled (/home/samappagency/.vscode/extensions/valeryanm.vscode-phpsab-0.0.3/out/sniffer.js:9:58)
[2019-08-14 14:44:09.850] [renderer1] [error] The argument 'file' cannot be empty. Received '': TypeError [ERR_INVALID_ARG_VALUE]: The argument 'file' cannot be empty. Received ''
    at normalizeSpawnArguments (child_process.js:407:11)
    at Object.spawn (child_process.js:537:38)
    at Sniffer.<anonymous> (/home/samappagency/.vscode/extensions/valeryanm.vscode-phpsab-0.0.3/out/sniffer.js:175:45)
    at Generator.next (<anonymous>)
    at fulfilled (/home/samappagency/.vscode/extensions/valeryanm.vscode-phpsab-0.0.3/out/sniffer.js:9:58)
[2019-08-14 14:44:30.157] [renderer1] [error] The argument 'file' cannot be empty. Received '': TypeError [ERR_INVALID_ARG_VALUE]: The argument 'file' cannot be empty. Received ''
    at normalizeSpawnArguments (child_process.js:407:11)
    at Object.spawn (child_process.js:537:38)
    at Sniffer.<anonymous> (/home/samappagency/.vscode/extensions/valeryanm.vscode-phpsab-0.0.3/out/sniffer.js:175:45)
    at Generator.next (<anonymous>)
    at fulfilled (/home/samappagency/.vscode/extensions/valeryanm.vscode-phpsab-0.0.3/out/sniffer.js:9:58)
[2019-08-14 14:45:13.846] [renderer1] [error] The argument 'file' cannot be empty. Received '': TypeError [ERR_INVALID_ARG_VALUE]: The argument 'file' cannot be empty. Received ''
    at normalizeSpawnArguments (child_process.js:407:11)
    at Object.spawn (child_process.js:537:38)
    at Sniffer.<anonymous> (/home/samappagency/.vscode/extensions/valeryanm.vscode-phpsab-0.0.3/out/sniffer.js:175:45)
    at Generator.next (<anonymous>)
    at fulfilled (/home/samappagency/.vscode/extensions/valeryanm.vscode-phpsab-0.0.3/out/sniffer.js:9:58)
[2019-08-14 14:45:34.410] [renderer1] [error] The argument 'file' cannot be empty. Received '': TypeError [ERR_INVALID_ARG_VALUE]: The argument 'file' cannot be empty. Received ''
    at normalizeSpawnArguments (child_process.js:407:11)
    at Object.spawn (child_process.js:537:38)
    at Sniffer.<anonymous> (/home/samappagency/.vscode/extensions/valeryanm.vscode-phpsab-0.0.3/out/sniffer.js:175:45)
    at Generator.next (<anonymous>)
    at fulfilled (/home/samappagency/.vscode/extensions/valeryanm.vscode-phpsab-0.0.3/out/sniffer.js:9:58)
[2019-08-14 14:45:53.889] [renderer1] [error] The argument 'file' cannot be empty. Received '': TypeError [ERR_INVALID_ARG_VALUE]: The argument 'file' cannot be empty. Received ''
    at normalizeSpawnArguments (child_process.js:407:11)
    at Object.spawn (child_process.js:537:38)
    at Sniffer.<anonymous> (/home/samappagency/.vscode/extensions/valeryanm.vscode-phpsab-0.0.3/out/sniffer.js:175:45)
    at Generator.next (<anonymous>)
    at fulfilled (/home/samappagency/.vscode/extensions/valeryanm.vscode-phpsab-0.0.3/out/sniffer.js:9:58)
