Visual Studio Code GitHub Extension
git symbolic-ref -q HEAD
git --version
git for-each-ref --format='%(upstream)' 'refs/heads/master'
git config --local --get remote.origin.url
git symbolic-ref -q HEAD
git for-each-ref --format='%(upstream)' 'refs/heads/master'
git config --local --get remote.origin.url
GET https://api.github.com/user/repos 
401 Bad credentials 
Failed to connect to provider "Connection with GitHub Client failed. Please make sure your git executableis setup correct, and your token has enought access rights."
git branch
git symbolic-ref -q HEAD
git for-each-ref --format='%(upstream)' 'refs/heads/master'
git config --local --get remote.origin.url
git symbolic-ref -q HEAD
git for-each-ref --format='%(upstream)' 'refs/heads/master'
git config --local --get remote.origin.url
git symbolic-ref -q HEAD
git for-each-ref --format='%(upstream)' 'refs/heads/master'
git config --local --get remote.origin.url
GET https://api.github.com/user/repos 
401 Bad credentials 
