[Server(13100) file:///opt/lampp/htdocs/symbnb2] Started and initialize received
[Server(13100) file:///opt/lampp/htdocs/symbnb2] Setup a stylesheet lookup map
[Server(13100) file:///opt/lampp/htdocs/symbnb2] Document opened: file:///opt/lampp/htdocs/symbnb2/src/Controller/HomeController.php
[Server(13100) file:///opt/lampp/htdocs/symbnb2] Document changed: file:///opt/lampp/htdocs/symbnb2/src/Controller/HomeController.php
[Server(13100) file:///opt/lampp/htdocs/symbnb2] Document changed: file:///opt/lampp/htdocs/symbnb2/src/Controller/HomeController.php
[Server(13100) file:///opt/lampp/htdocs/symbnb2] Document changed: file:///opt/lampp/htdocs/symbnb2/src/Controller/HomeController.php
[Server(13100) file:///opt/lampp/htdocs/symbnb2] Document changed: file:///opt/lampp/htdocs/symbnb2/src/Controller/HomeController.php
[Server(13100) file:///opt/lampp/htdocs/symbnb2] Document changed: file:///opt/lampp/htdocs/symbnb2/src/Controller/HomeController.php
[Server(13100) file:///opt/lampp/htdocs/symbnb2] Document changed: file:///opt/lampp/htdocs/symbnb2/src/Controller/HomeController.php
[Server(13100) file:///opt/lampp/htdocs/symbnb2] Document changed: file:///opt/lampp/htdocs/symbnb2/src/Controller/HomeController.php
[Server(13100) file:///opt/lampp/htdocs/symbnb2] Document changed: file:///opt/lampp/htdocs/symbnb2/src/Controller/HomeController.php
[Server(13100) file:///opt/lampp/htdocs/symbnb2] Document changed: file:///opt/lampp/htdocs/symbnb2/src/Controller/HomeController.php
[Server(13100) file:///opt/lampp/htdocs/symbnb2] Document changed: file:///opt/lampp/htdocs/symbnb2/src/Controller/HomeController.php
[Server(13100) file:///opt/lampp/htdocs/symbnb2] Document changed: file:///opt/lampp/htdocs/symbnb2/src/Controller/HomeController.php
[Server(13100) file:///opt/lampp/htdocs/symbnb2] Document changed: file:///opt/lampp/htdocs/symbnb2/src/Controller/HomeController.php
[Server(13100) file:///opt/lampp/htdocs/symbnb2] Document changed: file:///opt/lampp/htdocs/symbnb2/src/Controller/HomeController.php
[Server(13100) file:///opt/lampp/htdocs/symbnb2] Document changed: file:///opt/lampp/htdocs/symbnb2/src/Controller/HomeController.php
[Server(13100) file:///opt/lampp/htdocs/symbnb2] Document changed: file:///opt/lampp/htdocs/symbnb2/src/Controller/HomeController.php
[Server(13100) file:///opt/lampp/htdocs/symbnb2] Document changed: file:///opt/lampp/htdocs/symbnb2/src/Controller/HomeController.php
[Server(13100) file:///opt/lampp/htdocs/symbnb2] Document changed: file:///opt/lampp/htdocs/symbnb2/src/Controller/HomeController.php
[Server(13100) file:///opt/lampp/htdocs/symbnb2] Document changed: file:///opt/lampp/htdocs/symbnb2/src/Controller/HomeController.php
[Server(13100) file:///opt/lampp/htdocs/symbnb2] Document changed: file:///opt/lampp/htdocs/symbnb2/src/Controller/HomeController.php
[Server(13100) file:///opt/lampp/htdocs/symbnb2] Document changed: file:///opt/lampp/htdocs/symbnb2/src/Controller/HomeController.php
[Server(13100) file:///opt/lampp/htdocs/symbnb2] Document changed: file:///opt/lampp/htdocs/symbnb2/src/Controller/HomeController.php
[Server(13100) file:///opt/lampp/htdocs/symbnb2] Document changed: file:///opt/lampp/htdocs/symbnb2/src/Controller/HomeController.php
[Server(13100) file:///opt/lampp/htdocs/symbnb2] Document changed: file:///opt/lampp/htdocs/symbnb2/src/Controller/HomeController.php
[Server(13100) file:///opt/lampp/htdocs/symbnb2] Document changed: file:///opt/lampp/htdocs/symbnb2/src/Controller/HomeController.php
[Server(13100) file:///opt/lampp/htdocs/symbnb2] Document changed: file:///opt/lampp/htdocs/symbnb2/src/Controller/HomeController.php
[Server(13100) file:///opt/lampp/htdocs/symbnb2] Document changed: file:///opt/lampp/htdocs/symbnb2/src/Controller/HomeController.php
[Server(13100) file:///opt/lampp/htdocs/symbnb2] Document changed: file:///opt/lampp/htdocs/symbnb2/src/Controller/HomeController.php
[Server(13100) file:///opt/lampp/htdocs/symbnb2] Document changed: file:///opt/lampp/htdocs/symbnb2/src/Controller/HomeController.php
[Server(13100) file:///opt/lampp/htdocs/symbnb2] Document changed: file:///opt/lampp/htdocs/symbnb2/src/Controller/HomeController.php
[Server(13100) file:///opt/lampp/htdocs/symbnb2] Document changed: file:///opt/lampp/htdocs/symbnb2/src/Controller/HomeController.php
[Server(13100) file:///opt/lampp/htdocs/symbnb2] Document changed: file:///opt/lampp/htdocs/symbnb2/src/Controller/HomeController.php
[Server(13100) file:///opt/lampp/htdocs/symbnb2] Document changed: file:///opt/lampp/htdocs/symbnb2/src/Controller/HomeController.php
[Server(13100) file:///opt/lampp/htdocs/symbnb2] Document changed: file:///opt/lampp/htdocs/symbnb2/src/Controller/HomeController.php
[Server(13100) file:///opt/lampp/htdocs/symbnb2] Document changed: file:///opt/lampp/htdocs/symbnb2/src/Controller/HomeController.php
[Server(13100) file:///opt/lampp/htdocs/symbnb2] Document changed: file:///opt/lampp/htdocs/symbnb2/src/Controller/HomeController.php
[Server(13100) file:///opt/lampp/htdocs/symbnb2] Document changed: file:///opt/lampp/htdocs/symbnb2/src/Controller/HomeController.php
[Server(13100) file:///opt/lampp/htdocs/symbnb2] Document changed: file:///opt/lampp/htdocs/symbnb2/src/Controller/HomeController.php
[Server(13100) file:///opt/lampp/htdocs/symbnb2] Document changed: file:///opt/lampp/htdocs/symbnb2/src/Controller/HomeController.php
[Server(13100) file:///opt/lampp/htdocs/symbnb2] Document changed: file:///opt/lampp/htdocs/symbnb2/src/Controller/HomeController.php
[Server(13100) file:///opt/lampp/htdocs/symbnb2] Document changed: file:///opt/lampp/htdocs/symbnb2/src/Controller/HomeController.php
[Server(13100) file:///opt/lampp/htdocs/symbnb2] Document changed: file:///opt/lampp/htdocs/symbnb2/src/Controller/HomeController.php
[Server(13100) file:///opt/lampp/htdocs/symbnb2] Document changed: file:///opt/lampp/htdocs/symbnb2/src/Controller/HomeController.php
[Server(13100) file:///opt/lampp/htdocs/symbnb2] Document changed: file:///opt/lampp/htdocs/symbnb2/src/Controller/HomeController.php
[Server(13100) file:///opt/lampp/htdocs/symbnb2] Document changed: file:///opt/lampp/htdocs/symbnb2/src/Controller/HomeController.php
[Server(13100) file:///opt/lampp/htdocs/symbnb2] Document changed: file:///opt/lampp/htdocs/symbnb2/src/Controller/HomeController.php
[Server(13100) file:///opt/lampp/htdocs/symbnb2] Document changed: file:///opt/lampp/htdocs/symbnb2/src/Controller/HomeController.php
[Server(13100) file:///opt/lampp/htdocs/symbnb2] Document changed: file:///opt/lampp/htdocs/symbnb2/src/Controller/HomeController.php
[Server(13100) file:///opt/lampp/htdocs/symbnb2] Document changed: file:///opt/lampp/htdocs/symbnb2/src/Controller/HomeController.php
[Server(13100) file:///opt/lampp/htdocs/symbnb2] Document changed: file:///opt/lampp/htdocs/symbnb2/src/Controller/HomeController.php
[Server(13100) file:///opt/lampp/htdocs/symbnb2] Document changed: file:///opt/lampp/htdocs/symbnb2/src/Controller/HomeController.php
[Server(13100) file:///opt/lampp/htdocs/symbnb2] Document changed: file:///opt/lampp/htdocs/symbnb2/src/Controller/HomeController.php
[Server(13100) file:///opt/lampp/htdocs/symbnb2] Document changed: file:///opt/lampp/htdocs/symbnb2/src/Controller/HomeController.php
[Server(13100) file:///opt/lampp/htdocs/symbnb2] Document changed: file:///opt/lampp/htdocs/symbnb2/src/Controller/HomeController.php
[Server(13100) file:///opt/lampp/htdocs/symbnb2] Document changed: file:///opt/lampp/htdocs/symbnb2/src/Controller/HomeController.php
[Server(13100) file:///opt/lampp/htdocs/symbnb2] Document changed: file:///opt/lampp/htdocs/symbnb2/src/Controller/HomeController.php
[Server(13100) file:///opt/lampp/htdocs/symbnb2] Document changed: file:///opt/lampp/htdocs/symbnb2/src/Controller/HomeController.php
[Server(13100) file:///opt/lampp/htdocs/symbnb2] Document changed: file:///opt/lampp/htdocs/symbnb2/src/Controller/HomeController.php
[Server(13100) file:///opt/lampp/htdocs/symbnb2] Document changed: file:///opt/lampp/htdocs/symbnb2/src/Controller/HomeController.php
[Server(13100) file:///opt/lampp/htdocs/symbnb2] Document changed: file:///opt/lampp/htdocs/symbnb2/src/Controller/HomeController.php
[Server(13100) file:///opt/lampp/htdocs/symbnb2] Document changed: file:///opt/lampp/htdocs/symbnb2/src/Controller/HomeController.php
[Server(13100) file:///opt/lampp/htdocs/symbnb2] Document changed: file:///opt/lampp/htdocs/symbnb2/src/Controller/HomeController.php
[Server(13100) file:///opt/lampp/htdocs/symbnb2] Document changed: file:///opt/lampp/htdocs/symbnb2/src/Controller/HomeController.php
[Server(13100) file:///opt/lampp/htdocs/symbnb2] Document changed: file:///opt/lampp/htdocs/symbnb2/src/Controller/HomeController.php
[Server(13100) file:///opt/lampp/htdocs/symbnb2] Document changed: file:///opt/lampp/htdocs/symbnb2/src/Controller/HomeController.php
[Server(13100) file:///opt/lampp/htdocs/symbnb2] Document changed: file:///opt/lampp/htdocs/symbnb2/src/Controller/HomeController.php
[Server(13100) file:///opt/lampp/htdocs/symbnb2] Document changed: file:///opt/lampp/htdocs/symbnb2/src/Controller/HomeController.php
[Server(13100) file:///opt/lampp/htdocs/symbnb2] Document changed: file:///opt/lampp/htdocs/symbnb2/src/Controller/HomeController.php
[Server(13100) file:///opt/lampp/htdocs/symbnb2] Document changed: file:///opt/lampp/htdocs/symbnb2/src/Controller/HomeController.php
[Server(13100) file:///opt/lampp/htdocs/symbnb2] Document changed: file:///opt/lampp/htdocs/symbnb2/src/Controller/HomeController.php
[Server(13100) file:///opt/lampp/htdocs/symbnb2] Document changed: file:///opt/lampp/htdocs/symbnb2/src/Controller/HomeController.php
[Server(13100) file:///opt/lampp/htdocs/symbnb2] Document changed: file:///opt/lampp/htdocs/symbnb2/src/Controller/HomeController.php
[Server(13100) file:///opt/lampp/htdocs/symbnb2] Document changed: file:///opt/lampp/htdocs/symbnb2/src/Controller/HomeController.php
[Server(13100) file:///opt/lampp/htdocs/symbnb2] Document changed: file:///opt/lampp/htdocs/symbnb2/src/Controller/HomeController.php
[Server(13100) file:///opt/lampp/htdocs/symbnb2] Document changed: file:///opt/lampp/htdocs/symbnb2/src/Controller/HomeController.php
[Server(13100) file:///opt/lampp/htdocs/symbnb2] Document changed: file:///opt/lampp/htdocs/symbnb2/src/Controller/HomeController.php
[Server(13100) file:///opt/lampp/htdocs/symbnb2] Document changed: file:///opt/lampp/htdocs/symbnb2/src/Controller/HomeController.php
[Server(13100) file:///opt/lampp/htdocs/symbnb2] Document changed: file:///opt/lampp/htdocs/symbnb2/src/Controller/HomeController.php
[Server(13100) file:///opt/lampp/htdocs/symbnb2] Document changed: file:///opt/lampp/htdocs/symbnb2/src/Controller/HomeController.php
[Server(13100) file:///opt/lampp/htdocs/symbnb2] Document changed: file:///opt/lampp/htdocs/symbnb2/src/Controller/HomeController.php
[Server(13100) file:///opt/lampp/htdocs/symbnb2] Document changed: file:///opt/lampp/htdocs/symbnb2/src/Controller/HomeController.php
[Server(13100) file:///opt/lampp/htdocs/symbnb2] Document changed: file:///opt/lampp/htdocs/symbnb2/src/Controller/HomeController.php
[Server(13100) file:///opt/lampp/htdocs/symbnb2] Document changed: file:///opt/lampp/htdocs/symbnb2/src/Controller/HomeController.php
[Server(13100) file:///opt/lampp/htdocs/symbnb2] Document opened: file:///opt/lampp/htdocs/symbnb2/vendor/sensio/framework-extra-bundle/Configuration/Route.php
[Server(13100) file:///opt/lampp/htdocs/symbnb2] Document changed: file:///opt/lampp/htdocs/symbnb2/vendor/sensio/framework-extra-bundle/Configuration/Route.php
[Server(13100) file:///opt/lampp/htdocs/symbnb2] Document opened: file:///opt/lampp/htdocs/symbnb2/vendor/symfony/routing/Route.php
[Server(13100) file:///opt/lampp/htdocs/symbnb2] Document changed: file:///opt/lampp/htdocs/symbnb2/vendor/symfony/routing/Route.php
[Server(13100) file:///opt/lampp/htdocs/symbnb2] Document opened: file:///opt/lampp/htdocs/symbnb2/vendor/symfony/routing/Annotation/Route.php
[Server(13100) file:///opt/lampp/htdocs/symbnb2] Document changed: file:///opt/lampp/htdocs/symbnb2/vendor/symfony/routing/Annotation/Route.php
[Server(13100) file:///opt/lampp/htdocs/symbnb2] Document changed: file:///opt/lampp/htdocs/symbnb2/src/Controller/HomeController.php
[Server(13100) file:///opt/lampp/htdocs/symbnb2] Document changed: file:///opt/lampp/htdocs/symbnb2/src/Controller/HomeController.php
[Server(13100) file:///opt/lampp/htdocs/symbnb2] Document changed: file:///opt/lampp/htdocs/symbnb2/src/Controller/HomeController.php
[Server(13100) file:///opt/lampp/htdocs/symbnb2] Document changed: file:///opt/lampp/htdocs/symbnb2/src/Controller/HomeController.php
[Server(13100) file:///opt/lampp/htdocs/symbnb2] Document changed: file:///opt/lampp/htdocs/symbnb2/src/Controller/HomeController.php
[Server(13100) file:///opt/lampp/htdocs/symbnb2] Document changed: file:///opt/lampp/htdocs/symbnb2/src/Controller/HomeController.php
[Server(13100) file:///opt/lampp/htdocs/symbnb2] Document changed: file:///opt/lampp/htdocs/symbnb2/src/Controller/HomeController.php
[Server(13100) file:///opt/lampp/htdocs/symbnb2] Document changed: file:///opt/lampp/htdocs/symbnb2/src/Controller/HomeController.php
[Server(13100) file:///opt/lampp/htdocs/symbnb2] Document changed: file:///opt/lampp/htdocs/symbnb2/src/Controller/HomeController.php
[Server(13100) file:///opt/lampp/htdocs/symbnb2] Document changed: file:///opt/lampp/htdocs/symbnb2/src/Controller/HomeController.php
[Server(13100) file:///opt/lampp/htdocs/symbnb2] Document changed: file:///opt/lampp/htdocs/symbnb2/src/Controller/HomeController.php
[Server(13100) file:///opt/lampp/htdocs/symbnb2] Document changed: file:///opt/lampp/htdocs/symbnb2/src/Controller/HomeController.php
[Server(13100) file:///opt/lampp/htdocs/symbnb2] Document changed: file:///opt/lampp/htdocs/symbnb2/src/Controller/HomeController.php
[Server(13100) file:///opt/lampp/htdocs/symbnb2] Document changed: file:///opt/lampp/htdocs/symbnb2/src/Controller/HomeController.php
[Server(13100) file:///opt/lampp/htdocs/symbnb2] Document changed: file:///opt/lampp/htdocs/symbnb2/src/Controller/HomeController.php
[Server(13100) file:///opt/lampp/htdocs/symbnb2] Document changed: file:///opt/lampp/htdocs/symbnb2/src/Controller/HomeController.php
[Server(13100) file:///opt/lampp/htdocs/symbnb2] Document changed: file:///opt/lampp/htdocs/symbnb2/src/Controller/HomeController.php
[Server(13100) file:///opt/lampp/htdocs/symbnb2] Document changed: file:///opt/lampp/htdocs/symbnb2/src/Controller/HomeController.php
[Server(13100) file:///opt/lampp/htdocs/symbnb2] Document changed: file:///opt/lampp/htdocs/symbnb2/src/Controller/HomeController.php
[Server(13100) file:///opt/lampp/htdocs/symbnb2] Document changed: file:///opt/lampp/htdocs/symbnb2/src/Controller/HomeController.php
[Server(13100) file:///opt/lampp/htdocs/symbnb2] Document changed: file:///opt/lampp/htdocs/symbnb2/src/Controller/HomeController.php
[Server(13100) file:///opt/lampp/htdocs/symbnb2] Document changed: file:///opt/lampp/htdocs/symbnb2/src/Controller/HomeController.php
[Server(13100) file:///opt/lampp/htdocs/symbnb2] Document changed: file:///opt/lampp/htdocs/symbnb2/src/Controller/HomeController.php
[Server(13100) file:///opt/lampp/htdocs/symbnb2] Document changed: file:///opt/lampp/htdocs/symbnb2/src/Controller/HomeController.php
[Server(13100) file:///opt/lampp/htdocs/symbnb2] Document changed: file:///opt/lampp/htdocs/symbnb2/src/Controller/HomeController.php
[Server(13100) file:///opt/lampp/htdocs/symbnb2] Document changed: file:///opt/lampp/htdocs/symbnb2/src/Controller/HomeController.php
[Server(13100) file:///opt/lampp/htdocs/symbnb2] Document changed: file:///opt/lampp/htdocs/symbnb2/src/Controller/HomeController.php
[Server(13100) file:///opt/lampp/htdocs/symbnb2] Document changed: file:///opt/lampp/htdocs/symbnb2/src/Controller/HomeController.php
[Server(13100) file:///opt/lampp/htdocs/symbnb2] Document changed: file:///opt/lampp/htdocs/symbnb2/src/Controller/HomeController.php
[Server(13100) file:///opt/lampp/htdocs/symbnb2] Document changed: file:///opt/lampp/htdocs/symbnb2/src/Controller/HomeController.php
[Server(13100) file:///opt/lampp/htdocs/symbnb2] Document changed: file:///opt/lampp/htdocs/symbnb2/src/Controller/HomeController.php
[Server(13100) file:///opt/lampp/htdocs/symbnb2] Document changed: file:///opt/lampp/htdocs/symbnb2/src/Controller/HomeController.php
[Server(13100) file:///opt/lampp/htdocs/symbnb2] Document changed: file:///opt/lampp/htdocs/symbnb2/src/Controller/HomeController.php
[Server(13100) file:///opt/lampp/htdocs/symbnb2] Document changed: file:///opt/lampp/htdocs/symbnb2/src/Controller/HomeController.php
[Server(13100) file:///opt/lampp/htdocs/symbnb2] Document changed: file:///opt/lampp/htdocs/symbnb2/src/Controller/HomeController.php
[Server(13100) file:///opt/lampp/htdocs/symbnb2] Document changed: file:///opt/lampp/htdocs/symbnb2/src/Controller/HomeController.php
[Server(13100) file:///opt/lampp/htdocs/symbnb2] Document changed: file:///opt/lampp/htdocs/symbnb2/src/Controller/HomeController.php
[Server(13100) file:///opt/lampp/htdocs/symbnb2] Document changed: file:///opt/lampp/htdocs/symbnb2/src/Controller/HomeController.php
[Server(13100) file:///opt/lampp/htdocs/symbnb2] Document changed: file:///opt/lampp/htdocs/symbnb2/src/Controller/HomeController.php
[Server(13100) file:///opt/lampp/htdocs/symbnb2] Document changed: file:///opt/lampp/htdocs/symbnb2/src/Controller/HomeController.php
[Server(13100) file:///opt/lampp/htdocs/symbnb2] Document changed: file:///opt/lampp/htdocs/symbnb2/src/Controller/HomeController.php
[Server(13100) file:///opt/lampp/htdocs/symbnb2] Document changed: file:///opt/lampp/htdocs/symbnb2/src/Controller/HomeController.php
[Server(13100) file:///opt/lampp/htdocs/symbnb2] Document changed: file:///opt/lampp/htdocs/symbnb2/src/Controller/HomeController.php
[Server(13100) file:///opt/lampp/htdocs/symbnb2] Document changed: file:///opt/lampp/htdocs/symbnb2/src/Controller/HomeController.php
[Server(13100) file:///opt/lampp/htdocs/symbnb2] Document changed: file:///opt/lampp/htdocs/symbnb2/src/Controller/HomeController.php
[Server(13100) file:///opt/lampp/htdocs/symbnb2] Document changed: file:///opt/lampp/htdocs/symbnb2/src/Controller/HomeController.php
[Server(13100) file:///opt/lampp/htdocs/symbnb2] Document changed: file:///opt/lampp/htdocs/symbnb2/src/Controller/HomeController.php
[Server(13100) file:///opt/lampp/htdocs/symbnb2] Document changed: file:///opt/lampp/htdocs/symbnb2/src/Controller/HomeController.php
[Server(13100) file:///opt/lampp/htdocs/symbnb2] Document changed: file:///opt/lampp/htdocs/symbnb2/src/Controller/HomeController.php
[Server(13100) file:///opt/lampp/htdocs/symbnb2] Document changed: file:///opt/lampp/htdocs/symbnb2/src/Controller/HomeController.php
[Server(13100) file:///opt/lampp/htdocs/symbnb2] Document changed: file:///opt/lampp/htdocs/symbnb2/src/Controller/HomeController.php
[Server(13100) file:///opt/lampp/htdocs/symbnb2] Document changed: file:///opt/lampp/htdocs/symbnb2/src/Controller/HomeController.php
[Server(13100) file:///opt/lampp/htdocs/symbnb2] Document changed: file:///opt/lampp/htdocs/symbnb2/src/Controller/HomeController.php
[Server(13100) file:///opt/lampp/htdocs/symbnb2] Document changed: file:///opt/lampp/htdocs/symbnb2/src/Controller/HomeController.php
[Server(13100) file:///opt/lampp/htdocs/symbnb2] Document changed: file:///opt/lampp/htdocs/symbnb2/src/Controller/HomeController.php
[Server(13100) file:///opt/lampp/htdocs/symbnb2] Document changed: file:///opt/lampp/htdocs/symbnb2/src/Controller/HomeController.php
[Server(13100) file:///opt/lampp/htdocs/symbnb2] Document changed: file:///opt/lampp/htdocs/symbnb2/src/Controller/HomeController.php
[Server(13100) file:///opt/lampp/htdocs/symbnb2] Document changed: file:///opt/lampp/htdocs/symbnb2/src/Controller/HomeController.php
[Server(13100) file:///opt/lampp/htdocs/symbnb2] Document changed: file:///opt/lampp/htdocs/symbnb2/src/Controller/HomeController.php
[Server(13100) file:///opt/lampp/htdocs/symbnb2] Document changed: file:///opt/lampp/htdocs/symbnb2/src/Controller/HomeController.php
[Server(13100) file:///opt/lampp/htdocs/symbnb2] Document changed: file:///opt/lampp/htdocs/symbnb2/src/Controller/HomeController.php
[Server(13100) file:///opt/lampp/htdocs/symbnb2] Document changed: file:///opt/lampp/htdocs/symbnb2/src/Controller/HomeController.php
[Server(13100) file:///opt/lampp/htdocs/symbnb2] Document changed: file:///opt/lampp/htdocs/symbnb2/src/Controller/HomeController.php
[Server(13100) file:///opt/lampp/htdocs/symbnb2] Document changed: file:///opt/lampp/htdocs/symbnb2/src/Controller/HomeController.php
[Server(13100) file:///opt/lampp/htdocs/symbnb2] Document changed: file:///opt/lampp/htdocs/symbnb2/src/Controller/HomeController.php
[Server(13100) file:///opt/lampp/htdocs/symbnb2] Document changed: file:///opt/lampp/htdocs/symbnb2/src/Controller/HomeController.php
[Server(13100) file:///opt/lampp/htdocs/symbnb2] Document changed: file:///opt/lampp/htdocs/symbnb2/src/Controller/HomeController.php
[Server(13100) file:///opt/lampp/htdocs/symbnb2] Document changed: file:///opt/lampp/htdocs/symbnb2/src/Controller/HomeController.php
[Server(13100) file:///opt/lampp/htdocs/symbnb2] Document changed: file:///opt/lampp/htdocs/symbnb2/src/Controller/HomeController.php
[Server(13100) file:///opt/lampp/htdocs/symbnb2] Document changed: file:///opt/lampp/htdocs/symbnb2/src/Controller/HomeController.php
[Server(13100) file:///opt/lampp/htdocs/symbnb2] Document changed: file:///opt/lampp/htdocs/symbnb2/src/Controller/HomeController.php
[Server(13100) file:///opt/lampp/htdocs/symbnb2] Document changed: file:///opt/lampp/htdocs/symbnb2/src/Controller/HomeController.php
[Server(13100) file:///opt/lampp/htdocs/symbnb2] Document changed: file:///opt/lampp/htdocs/symbnb2/src/Controller/HomeController.php
[Server(13100) file:///opt/lampp/htdocs/symbnb2] Document changed: file:///opt/lampp/htdocs/symbnb2/src/Controller/HomeController.php
[Server(13100) file:///opt/lampp/htdocs/symbnb2] Document changed: file:///opt/lampp/htdocs/symbnb2/src/Controller/HomeController.php
[Server(13100) file:///opt/lampp/htdocs/symbnb2] Document changed: file:///opt/lampp/htdocs/symbnb2/src/Controller/HomeController.php
[Server(13100) file:///opt/lampp/htdocs/symbnb2] Document changed: file:///opt/lampp/htdocs/symbnb2/src/Controller/HomeController.php
[Server(13100) file:///opt/lampp/htdocs/symbnb2] Document changed: file:///opt/lampp/htdocs/symbnb2/src/Controller/HomeController.php
[Server(13100) file:///opt/lampp/htdocs/symbnb2] Document changed: file:///opt/lampp/htdocs/symbnb2/src/Controller/HomeController.php
[Server(13100) file:///opt/lampp/htdocs/symbnb2] Document changed: file:///opt/lampp/htdocs/symbnb2/src/Controller/HomeController.php
[Server(13100) file:///opt/lampp/htdocs/symbnb2] Document changed: file:///opt/lampp/htdocs/symbnb2/src/Controller/HomeController.php
[Server(13100) file:///opt/lampp/htdocs/symbnb2] Document changed: file:///opt/lampp/htdocs/symbnb2/src/Controller/HomeController.php
[Server(13100) file:///opt/lampp/htdocs/symbnb2] Document changed: file:///opt/lampp/htdocs/symbnb2/src/Controller/HomeController.php
[Server(13100) file:///opt/lampp/htdocs/symbnb2] Document changed: file:///opt/lampp/htdocs/symbnb2/src/Controller/HomeController.php
[Server(13100) file:///opt/lampp/htdocs/symbnb2] Document changed: file:///opt/lampp/htdocs/symbnb2/src/Controller/HomeController.php
[Server(13100) file:///opt/lampp/htdocs/symbnb2] Document changed: file:///opt/lampp/htdocs/symbnb2/src/Controller/HomeController.php
[Server(13100) file:///opt/lampp/htdocs/symbnb2] Document changed: file:///opt/lampp/htdocs/symbnb2/src/Controller/HomeController.php
[Server(13100) file:///opt/lampp/htdocs/symbnb2] Document changed: file:///opt/lampp/htdocs/symbnb2/src/Controller/HomeController.php
[Server(13100) file:///opt/lampp/htdocs/symbnb2] Document changed: file:///opt/lampp/htdocs/symbnb2/src/Controller/HomeController.php
[Server(13100) file:///opt/lampp/htdocs/symbnb2] Document changed: file:///opt/lampp/htdocs/symbnb2/src/Controller/HomeController.php
[Server(13100) file:///opt/lampp/htdocs/symbnb2] Document changed: file:///opt/lampp/htdocs/symbnb2/src/Controller/HomeController.php
