[Server(2626) file:///opt/lampp/htdocs/symbnb2] Started and initialize received
[Server(2626) file:///opt/lampp/htdocs/symbnb2] Setup a stylesheet lookup map
[Server(2626) file:///opt/lampp/htdocs/symbnb2] Document opened: file:///opt/lampp/htdocs/symbnb2/src/Controller/HomeController.php
[Server(2626) file:///opt/lampp/htdocs/symbnb2] Document changed: file:///opt/lampp/htdocs/symbnb2/src/Controller/HomeController.php
[Server(2626) file:///opt/lampp/htdocs/symbnb2] Document changed: file:///opt/lampp/htdocs/symbnb2/src/Controller/HomeController.php
[Server(2626) file:///opt/lampp/htdocs/symbnb2] Document changed: file:///opt/lampp/htdocs/symbnb2/src/Controller/HomeController.php
[Server(2626) file:///opt/lampp/htdocs/symbnb2] Document changed: file:///opt/lampp/htdocs/symbnb2/src/Controller/HomeController.php
[Server(2626) file:///opt/lampp/htdocs/symbnb2] Document changed: file:///opt/lampp/htdocs/symbnb2/src/Controller/HomeController.php
[Server(2626) file:///opt/lampp/htdocs/symbnb2] Document changed: file:///opt/lampp/htdocs/symbnb2/src/Controller/HomeController.php
[Server(2626) file:///opt/lampp/htdocs/symbnb2] Document changed: file:///opt/lampp/htdocs/symbnb2/src/Controller/HomeController.php
[Server(2626) file:///opt/lampp/htdocs/symbnb2] Document changed: file:///opt/lampp/htdocs/symbnb2/src/Controller/HomeController.php
[Server(2626) file:///opt/lampp/htdocs/symbnb2] Document changed: file:///opt/lampp/htdocs/symbnb2/src/Controller/HomeController.php
[Server(2626) file:///opt/lampp/htdocs/symbnb2] Document changed: file:///opt/lampp/htdocs/symbnb2/src/Controller/HomeController.php
[Server(2626) file:///opt/lampp/htdocs/symbnb2] Document changed: file:///opt/lampp/htdocs/symbnb2/src/Controller/HomeController.php
[Server(2626) file:///opt/lampp/htdocs/symbnb2] Document changed: file:///opt/lampp/htdocs/symbnb2/src/Controller/HomeController.php
[Server(2626) file:///opt/lampp/htdocs/symbnb2] Document changed: file:///opt/lampp/htdocs/symbnb2/src/Controller/HomeController.php
[Server(2626) file:///opt/lampp/htdocs/symbnb2] Document changed: file:///opt/lampp/htdocs/symbnb2/src/Controller/HomeController.php
[Server(2626) file:///opt/lampp/htdocs/symbnb2] Document changed: file:///opt/lampp/htdocs/symbnb2/src/Controller/HomeController.php
[Server(2626) file:///opt/lampp/htdocs/symbnb2] Document changed: file:///opt/lampp/htdocs/symbnb2/src/Controller/HomeController.php
[Server(2626) file:///opt/lampp/htdocs/symbnb2] Document changed: file:///opt/lampp/htdocs/symbnb2/src/Controller/HomeController.php
[Server(2626) file:///opt/lampp/htdocs/symbnb2] Document changed: file:///opt/lampp/htdocs/symbnb2/src/Controller/HomeController.php
[Server(2626) file:///opt/lampp/htdocs/symbnb2] Document changed: file:///opt/lampp/htdocs/symbnb2/src/Controller/HomeController.php
[Server(2626) file:///opt/lampp/htdocs/symbnb2] Document changed: file:///opt/lampp/htdocs/symbnb2/src/Controller/HomeController.php
[Server(2626) file:///opt/lampp/htdocs/symbnb2] Document changed: file:///opt/lampp/htdocs/symbnb2/src/Controller/HomeController.php
[Server(2626) file:///opt/lampp/htdocs/symbnb2] Document changed: file:///opt/lampp/htdocs/symbnb2/src/Controller/HomeController.php
[Server(2626) file:///opt/lampp/htdocs/symbnb2] Document changed: file:///opt/lampp/htdocs/symbnb2/src/Controller/HomeController.php
[Server(2626) file:///opt/lampp/htdocs/symbnb2] Document changed: file:///opt/lampp/htdocs/symbnb2/src/Controller/HomeController.php
[Server(2626) file:///opt/lampp/htdocs/symbnb2] Document changed: file:///opt/lampp/htdocs/symbnb2/src/Controller/HomeController.php
[Server(2626) file:///opt/lampp/htdocs/symbnb2] Document changed: file:///opt/lampp/htdocs/symbnb2/src/Controller/HomeController.php
[Server(2626) file:///opt/lampp/htdocs/symbnb2] Document changed: file:///opt/lampp/htdocs/symbnb2/src/Controller/HomeController.php
[Server(2626) file:///opt/lampp/htdocs/symbnb2] Document changed: file:///opt/lampp/htdocs/symbnb2/src/Controller/HomeController.php
[Server(2626) file:///opt/lampp/htdocs/symbnb2] Document changed: file:///opt/lampp/htdocs/symbnb2/src/Controller/HomeController.php
[Server(2626) file:///opt/lampp/htdocs/symbnb2] Document changed: file:///opt/lampp/htdocs/symbnb2/src/Controller/HomeController.php
[Server(2626) file:///opt/lampp/htdocs/symbnb2] Document changed: file:///opt/lampp/htdocs/symbnb2/src/Controller/HomeController.php
[Server(2626) file:///opt/lampp/htdocs/symbnb2] Document changed: file:///opt/lampp/htdocs/symbnb2/src/Controller/HomeController.php
[Server(2626) file:///opt/lampp/htdocs/symbnb2] Document changed: file:///opt/lampp/htdocs/symbnb2/src/Controller/HomeController.php
[Server(2626) file:///opt/lampp/htdocs/symbnb2] Document changed: file:///opt/lampp/htdocs/symbnb2/src/Controller/HomeController.php
[Server(2626) file:///opt/lampp/htdocs/symbnb2] Document changed: file:///opt/lampp/htdocs/symbnb2/src/Controller/HomeController.php
[Server(2626) file:///opt/lampp/htdocs/symbnb2] Document changed: file:///opt/lampp/htdocs/symbnb2/src/Controller/HomeController.php
[Server(2626) file:///opt/lampp/htdocs/symbnb2] Document changed: file:///opt/lampp/htdocs/symbnb2/src/Controller/HomeController.php
[Server(2626) file:///opt/lampp/htdocs/symbnb2] Document changed: file:///opt/lampp/htdocs/symbnb2/src/Controller/HomeController.php
[Server(2626) file:///opt/lampp/htdocs/symbnb2] Document changed: file:///opt/lampp/htdocs/symbnb2/src/Controller/HomeController.php
[Server(2626) file:///opt/lampp/htdocs/symbnb2] Document changed: file:///opt/lampp/htdocs/symbnb2/src/Controller/HomeController.php
[Server(2626) file:///opt/lampp/htdocs/symbnb2] Document changed: file:///opt/lampp/htdocs/symbnb2/src/Controller/HomeController.php
[Server(2626) file:///opt/lampp/htdocs/symbnb2] Document changed: file:///opt/lampp/htdocs/symbnb2/src/Controller/HomeController.php
[Server(2626) file:///opt/lampp/htdocs/symbnb2] Document changed: file:///opt/lampp/htdocs/symbnb2/src/Controller/HomeController.php
[Server(2626) file:///opt/lampp/htdocs/symbnb2] Document changed: file:///opt/lampp/htdocs/symbnb2/src/Controller/HomeController.php
[Server(2626) file:///opt/lampp/htdocs/symbnb2] Document changed: file:///opt/lampp/htdocs/symbnb2/src/Controller/HomeController.php
[Server(2626) file:///opt/lampp/htdocs/symbnb2] Document changed: file:///opt/lampp/htdocs/symbnb2/src/Controller/HomeController.php
[Server(2626) file:///opt/lampp/htdocs/symbnb2] Document changed: file:///opt/lampp/htdocs/symbnb2/src/Controller/HomeController.php
[Server(2626) file:///opt/lampp/htdocs/symbnb2] Document changed: file:///opt/lampp/htdocs/symbnb2/src/Controller/HomeController.php
[Server(2626) file:///opt/lampp/htdocs/symbnb2] Document changed: file:///opt/lampp/htdocs/symbnb2/src/Controller/HomeController.php
[Server(2626) file:///opt/lampp/htdocs/symbnb2] Document changed: file:///opt/lampp/htdocs/symbnb2/src/Controller/HomeController.php
[Server(2626) file:///opt/lampp/htdocs/symbnb2] Document changed: file:///opt/lampp/htdocs/symbnb2/src/Controller/HomeController.php
[Server(2626) file:///opt/lampp/htdocs/symbnb2] Document changed: file:///opt/lampp/htdocs/symbnb2/src/Controller/HomeController.php
[Server(2626) file:///opt/lampp/htdocs/symbnb2] Document changed: file:///opt/lampp/htdocs/symbnb2/src/Controller/HomeController.php
[Server(2626) file:///opt/lampp/htdocs/symbnb2] Document changed: file:///opt/lampp/htdocs/symbnb2/src/Controller/HomeController.php
[Server(2626) file:///opt/lampp/htdocs/symbnb2] Document changed: file:///opt/lampp/htdocs/symbnb2/src/Controller/HomeController.php
[Server(2626) file:///opt/lampp/htdocs/symbnb2] Document changed: file:///opt/lampp/htdocs/symbnb2/src/Controller/HomeController.php
[Server(2626) file:///opt/lampp/htdocs/symbnb2] Document changed: file:///opt/lampp/htdocs/symbnb2/src/Controller/HomeController.php
[Server(2626) file:///opt/lampp/htdocs/symbnb2] Document changed: file:///opt/lampp/htdocs/symbnb2/src/Controller/HomeController.php
[Server(2626) file:///opt/lampp/htdocs/symbnb2] Document changed: file:///opt/lampp/htdocs/symbnb2/src/Controller/HomeController.php
[Server(2626) file:///opt/lampp/htdocs/symbnb2] Document changed: file:///opt/lampp/htdocs/symbnb2/src/Controller/HomeController.php
[Server(2626) file:///opt/lampp/htdocs/symbnb2] Document changed: file:///opt/lampp/htdocs/symbnb2/src/Controller/HomeController.php
[Server(2626) file:///opt/lampp/htdocs/symbnb2] Document changed: file:///opt/lampp/htdocs/symbnb2/src/Controller/HomeController.php
[Server(2626) file:///opt/lampp/htdocs/symbnb2] Document changed: file:///opt/lampp/htdocs/symbnb2/src/Controller/HomeController.php
[Server(2626) file:///opt/lampp/htdocs/symbnb2] Document changed: file:///opt/lampp/htdocs/symbnb2/src/Controller/HomeController.php
[Server(2626) file:///opt/lampp/htdocs/symbnb2] Document changed: file:///opt/lampp/htdocs/symbnb2/src/Controller/HomeController.php
[Server(2626) file:///opt/lampp/htdocs/symbnb2] Document changed: file:///opt/lampp/htdocs/symbnb2/src/Controller/HomeController.php
[Server(2626) file:///opt/lampp/htdocs/symbnb2] Document changed: file:///opt/lampp/htdocs/symbnb2/src/Controller/HomeController.php
[Server(2626) file:///opt/lampp/htdocs/symbnb2] Document changed: file:///opt/lampp/htdocs/symbnb2/src/Controller/HomeController.php
[Server(2626) file:///opt/lampp/htdocs/symbnb2] Document changed: file:///opt/lampp/htdocs/symbnb2/src/Controller/HomeController.php
[Server(2626) file:///opt/lampp/htdocs/symbnb2] Document changed: file:///opt/lampp/htdocs/symbnb2/src/Controller/HomeController.php
[Server(2626) file:///opt/lampp/htdocs/symbnb2] Document changed: file:///opt/lampp/htdocs/symbnb2/src/Controller/HomeController.php
[Server(2626) file:///opt/lampp/htdocs/symbnb2] Document changed: file:///opt/lampp/htdocs/symbnb2/src/Controller/HomeController.php
[Server(2626) file:///opt/lampp/htdocs/symbnb2] Document changed: file:///opt/lampp/htdocs/symbnb2/src/Controller/HomeController.php
[Server(2626) file:///opt/lampp/htdocs/symbnb2] Document changed: file:///opt/lampp/htdocs/symbnb2/src/Controller/HomeController.php
[Server(2626) file:///opt/lampp/htdocs/symbnb2] Document changed: file:///opt/lampp/htdocs/symbnb2/src/Controller/HomeController.php
[Server(2626) file:///opt/lampp/htdocs/symbnb2] Document changed: file:///opt/lampp/htdocs/symbnb2/src/Controller/HomeController.php
[Server(2626) file:///opt/lampp/htdocs/symbnb2] Document changed: file:///opt/lampp/htdocs/symbnb2/src/Controller/HomeController.php
[Server(2626) file:///opt/lampp/htdocs/symbnb2] Document changed: file:///opt/lampp/htdocs/symbnb2/src/Controller/HomeController.php
[Server(2626) file:///opt/lampp/htdocs/symbnb2] Document changed: file:///opt/lampp/htdocs/symbnb2/src/Controller/HomeController.php
[Server(2626) file:///opt/lampp/htdocs/symbnb2] Document changed: file:///opt/lampp/htdocs/symbnb2/src/Controller/HomeController.php
[Server(2626) file:///opt/lampp/htdocs/symbnb2] Document changed: file:///opt/lampp/htdocs/symbnb2/src/Controller/HomeController.php
[Server(2626) file:///opt/lampp/htdocs/symbnb2] Document changed: file:///opt/lampp/htdocs/symbnb2/src/Controller/HomeController.php
[Server(2626) file:///opt/lampp/htdocs/symbnb2] Document changed: file:///opt/lampp/htdocs/symbnb2/src/Controller/HomeController.php
[Server(2626) file:///opt/lampp/htdocs/symbnb2] Document changed: file:///opt/lampp/htdocs/symbnb2/src/Controller/HomeController.php
[Server(2626) file:///opt/lampp/htdocs/symbnb2] Document changed: file:///opt/lampp/htdocs/symbnb2/src/Controller/HomeController.php
[Server(2626) file:///opt/lampp/htdocs/symbnb2] Document changed: file:///opt/lampp/htdocs/symbnb2/src/Controller/HomeController.php
[Server(2626) file:///opt/lampp/htdocs/symbnb2] Document changed: file:///opt/lampp/htdocs/symbnb2/src/Controller/HomeController.php
[Server(2626) file:///opt/lampp/htdocs/symbnb2] Document changed: file:///opt/lampp/htdocs/symbnb2/src/Controller/HomeController.php
[Server(2626) file:///opt/lampp/htdocs/symbnb2] Document changed: file:///opt/lampp/htdocs/symbnb2/src/Controller/HomeController.php
[Server(2626) file:///opt/lampp/htdocs/symbnb2] Document changed: file:///opt/lampp/htdocs/symbnb2/src/Controller/HomeController.php
[Server(2626) file:///opt/lampp/htdocs/symbnb2] Document changed: file:///opt/lampp/htdocs/symbnb2/src/Controller/HomeController.php
[Server(2626) file:///opt/lampp/htdocs/symbnb2] Document changed: file:///opt/lampp/htdocs/symbnb2/src/Controller/HomeController.php
[Server(2626) file:///opt/lampp/htdocs/symbnb2] Document changed: file:///opt/lampp/htdocs/symbnb2/src/Controller/HomeController.php
[Server(2626) file:///opt/lampp/htdocs/symbnb2] Document changed: file:///opt/lampp/htdocs/symbnb2/src/Controller/HomeController.php
[Server(2626) file:///opt/lampp/htdocs/symbnb2] Document changed: file:///opt/lampp/htdocs/symbnb2/src/Controller/HomeController.php
[Server(2626) file:///opt/lampp/htdocs/symbnb2] Document changed: file:///opt/lampp/htdocs/symbnb2/src/Controller/HomeController.php
[Server(2626) file:///opt/lampp/htdocs/symbnb2] Document changed: file:///opt/lampp/htdocs/symbnb2/src/Controller/HomeController.php
[Server(2626) file:///opt/lampp/htdocs/symbnb2] Document changed: file:///opt/lampp/htdocs/symbnb2/src/Controller/HomeController.php
[Server(2626) file:///opt/lampp/htdocs/symbnb2] Document changed: file:///opt/lampp/htdocs/symbnb2/src/Controller/HomeController.php
[Server(2626) file:///opt/lampp/htdocs/symbnb2] Document changed: file:///opt/lampp/htdocs/symbnb2/src/Controller/HomeController.php
[Server(2626) file:///opt/lampp/htdocs/symbnb2] Document changed: file:///opt/lampp/htdocs/symbnb2/src/Controller/HomeController.php
[Server(2626) file:///opt/lampp/htdocs/symbnb2] Document changed: file:///opt/lampp/htdocs/symbnb2/src/Controller/HomeController.php
[Server(2626) file:///opt/lampp/htdocs/symbnb2] Document changed: file:///opt/lampp/htdocs/symbnb2/src/Controller/HomeController.php
[Server(2626) file:///opt/lampp/htdocs/symbnb2] Document changed: file:///opt/lampp/htdocs/symbnb2/src/Controller/HomeController.php
[Server(2626) file:///opt/lampp/htdocs/symbnb2] Document changed: file:///opt/lampp/htdocs/symbnb2/src/Controller/HomeController.php
[Server(2626) file:///opt/lampp/htdocs/symbnb2] Document changed: file:///opt/lampp/htdocs/symbnb2/src/Controller/HomeController.php
[Server(2626) file:///opt/lampp/htdocs/symbnb2] Document changed: file:///opt/lampp/htdocs/symbnb2/src/Controller/HomeController.php
[Server(2626) file:///opt/lampp/htdocs/symbnb2] Document changed: file:///opt/lampp/htdocs/symbnb2/src/Controller/HomeController.php
[Server(2626) file:///opt/lampp/htdocs/symbnb2] Document changed: file:///opt/lampp/htdocs/symbnb2/src/Controller/HomeController.php
[Server(2626) file:///opt/lampp/htdocs/symbnb2] Document changed: file:///opt/lampp/htdocs/symbnb2/src/Controller/HomeController.php
[Server(2626) file:///opt/lampp/htdocs/symbnb2] Document changed: file:///opt/lampp/htdocs/symbnb2/src/Controller/HomeController.php
[Server(2626) file:///opt/lampp/htdocs/symbnb2] Document changed: file:///opt/lampp/htdocs/symbnb2/src/Controller/HomeController.php
[Server(2626) file:///opt/lampp/htdocs/symbnb2] Document changed: file:///opt/lampp/htdocs/symbnb2/src/Controller/HomeController.php
[Server(2626) file:///opt/lampp/htdocs/symbnb2] Document changed: file:///opt/lampp/htdocs/symbnb2/src/Controller/HomeController.php
[Server(2626) file:///opt/lampp/htdocs/symbnb2] Document changed: file:///opt/lampp/htdocs/symbnb2/src/Controller/HomeController.php
[Server(2626) file:///opt/lampp/htdocs/symbnb2] Document changed: file:///opt/lampp/htdocs/symbnb2/src/Controller/HomeController.php
[Server(2626) file:///opt/lampp/htdocs/symbnb2] Document changed: file:///opt/lampp/htdocs/symbnb2/src/Controller/HomeController.php
[Server(2626) file:///opt/lampp/htdocs/symbnb2] Document changed: file:///opt/lampp/htdocs/symbnb2/src/Controller/HomeController.php
[Server(2626) file:///opt/lampp/htdocs/symbnb2] Document changed: file:///opt/lampp/htdocs/symbnb2/src/Controller/HomeController.php
[Server(2626) file:///opt/lampp/htdocs/symbnb2] Document changed: file:///opt/lampp/htdocs/symbnb2/src/Controller/HomeController.php
[Server(2626) file:///opt/lampp/htdocs/symbnb2] Document changed: file:///opt/lampp/htdocs/symbnb2/src/Controller/HomeController.php
[Server(2626) file:///opt/lampp/htdocs/symbnb2] Document changed: file:///opt/lampp/htdocs/symbnb2/src/Controller/HomeController.php
[Server(2626) file:///opt/lampp/htdocs/symbnb2] Document changed: file:///opt/lampp/htdocs/symbnb2/src/Controller/HomeController.php
[Server(2626) file:///opt/lampp/htdocs/symbnb2] Document changed: file:///opt/lampp/htdocs/symbnb2/src/Controller/HomeController.php
[Server(2626) file:///opt/lampp/htdocs/symbnb2] Document changed: file:///opt/lampp/htdocs/symbnb2/src/Controller/HomeController.php
[Server(2626) file:///opt/lampp/htdocs/symbnb2] Document changed: file:///opt/lampp/htdocs/symbnb2/src/Controller/HomeController.php
[Server(2626) file:///opt/lampp/htdocs/symbnb2] Document changed: file:///opt/lampp/htdocs/symbnb2/src/Controller/HomeController.php
[Server(2626) file:///opt/lampp/htdocs/symbnb2] Document changed: file:///opt/lampp/htdocs/symbnb2/src/Controller/HomeController.php
[Server(2626) file:///opt/lampp/htdocs/symbnb2] Document changed: file:///opt/lampp/htdocs/symbnb2/src/Controller/HomeController.php
[Server(2626) file:///opt/lampp/htdocs/symbnb2] Document changed: file:///opt/lampp/htdocs/symbnb2/src/Controller/HomeController.php
[Server(2626) file:///opt/lampp/htdocs/symbnb2] Document changed: file:///opt/lampp/htdocs/symbnb2/src/Controller/HomeController.php
[Server(2626) file:///opt/lampp/htdocs/symbnb2] Document changed: file:///opt/lampp/htdocs/symbnb2/src/Controller/HomeController.php
[Server(2626) file:///opt/lampp/htdocs/symbnb2] Document changed: file:///opt/lampp/htdocs/symbnb2/src/Controller/HomeController.php
[Server(2626) file:///opt/lampp/htdocs/symbnb2] Document changed: file:///opt/lampp/htdocs/symbnb2/src/Controller/HomeController.php
[Server(2626) file:///opt/lampp/htdocs/symbnb2] Document changed: file:///opt/lampp/htdocs/symbnb2/src/Controller/HomeController.php
[Server(2626) file:///opt/lampp/htdocs/symbnb2] Document changed: file:///opt/lampp/htdocs/symbnb2/src/Controller/HomeController.php
[Server(2626) file:///opt/lampp/htdocs/symbnb2] Document changed: file:///opt/lampp/htdocs/symbnb2/src/Controller/HomeController.php
[Server(2626) file:///opt/lampp/htdocs/symbnb2] Document changed: file:///opt/lampp/htdocs/symbnb2/src/Controller/HomeController.php
[Server(2626) file:///opt/lampp/htdocs/symbnb2] Document changed: file:///opt/lampp/htdocs/symbnb2/src/Controller/HomeController.php
[Server(2626) file:///opt/lampp/htdocs/symbnb2] Document changed: file:///opt/lampp/htdocs/symbnb2/src/Controller/HomeController.php
[Server(2626) file:///opt/lampp/htdocs/symbnb2] Document changed: file:///opt/lampp/htdocs/symbnb2/src/Controller/HomeController.php
[Server(2626) file:///opt/lampp/htdocs/symbnb2] Document changed: file:///opt/lampp/htdocs/symbnb2/src/Controller/HomeController.php
[Server(2626) file:///opt/lampp/htdocs/symbnb2] Document changed: file:///opt/lampp/htdocs/symbnb2/src/Controller/HomeController.php
[Server(2626) file:///opt/lampp/htdocs/symbnb2] Document changed: file:///opt/lampp/htdocs/symbnb2/src/Controller/HomeController.php
[Server(2626) file:///opt/lampp/htdocs/symbnb2] Document changed: file:///opt/lampp/htdocs/symbnb2/src/Controller/HomeController.php
[Server(2626) file:///opt/lampp/htdocs/symbnb2] Document changed: file:///opt/lampp/htdocs/symbnb2/src/Controller/HomeController.php
[Server(2626) file:///opt/lampp/htdocs/symbnb2] Document changed: file:///opt/lampp/htdocs/symbnb2/src/Controller/HomeController.php
[Server(2626) file:///opt/lampp/htdocs/symbnb2] Document changed: file:///opt/lampp/htdocs/symbnb2/src/Controller/HomeController.php
[Server(2626) file:///opt/lampp/htdocs/symbnb2] Document changed: file:///opt/lampp/htdocs/symbnb2/src/Controller/HomeController.php
[Server(2626) file:///opt/lampp/htdocs/symbnb2] Document changed: file:///opt/lampp/htdocs/symbnb2/src/Controller/HomeController.php
[Server(2626) file:///opt/lampp/htdocs/symbnb2] Document changed: file:///opt/lampp/htdocs/symbnb2/src/Controller/HomeController.php
[Server(2626) file:///opt/lampp/htdocs/symbnb2] Document changed: file:///opt/lampp/htdocs/symbnb2/src/Controller/HomeController.php
[Server(2626) file:///opt/lampp/htdocs/symbnb2] Document changed: file:///opt/lampp/htdocs/symbnb2/src/Controller/HomeController.php
[Server(2626) file:///opt/lampp/htdocs/symbnb2] Document changed: file:///opt/lampp/htdocs/symbnb2/src/Controller/HomeController.php
[Server(2626) file:///opt/lampp/htdocs/symbnb2] Document changed: file:///opt/lampp/htdocs/symbnb2/src/Controller/HomeController.php
[Server(2626) file:///opt/lampp/htdocs/symbnb2] Document changed: file:///opt/lampp/htdocs/symbnb2/src/Controller/HomeController.php
[Server(2626) file:///opt/lampp/htdocs/symbnb2] Document changed: file:///opt/lampp/htdocs/symbnb2/src/Controller/HomeController.php
[Server(2626) file:///opt/lampp/htdocs/symbnb2] Document changed: file:///opt/lampp/htdocs/symbnb2/src/Controller/HomeController.php
[Server(2626) file:///opt/lampp/htdocs/symbnb2] Document changed: file:///opt/lampp/htdocs/symbnb2/src/Controller/HomeController.php
[Server(2626) file:///opt/lampp/htdocs/symbnb2] Document changed: file:///opt/lampp/htdocs/symbnb2/src/Controller/HomeController.php
[Server(2626) file:///opt/lampp/htdocs/symbnb2] Document changed: file:///opt/lampp/htdocs/symbnb2/src/Controller/HomeController.php
[Server(2626) file:///opt/lampp/htdocs/symbnb2] Document changed: file:///opt/lampp/htdocs/symbnb2/src/Controller/HomeController.php
[Server(2626) file:///opt/lampp/htdocs/symbnb2] Document changed: file:///opt/lampp/htdocs/symbnb2/src/Controller/HomeController.php
[Server(2626) file:///opt/lampp/htdocs/symbnb2] Document changed: file:///opt/lampp/htdocs/symbnb2/src/Controller/HomeController.php
[Server(2626) file:///opt/lampp/htdocs/symbnb2] Document changed: file:///opt/lampp/htdocs/symbnb2/src/Controller/HomeController.php
[Server(2626) file:///opt/lampp/htdocs/symbnb2] Document changed: file:///opt/lampp/htdocs/symbnb2/src/Controller/HomeController.php
[Server(2626) file:///opt/lampp/htdocs/symbnb2] Document changed: file:///opt/lampp/htdocs/symbnb2/src/Controller/HomeController.php
[Server(2626) file:///opt/lampp/htdocs/symbnb2] Document changed: file:///opt/lampp/htdocs/symbnb2/src/Controller/HomeController.php
[Server(2626) file:///opt/lampp/htdocs/symbnb2] Document changed: file:///opt/lampp/htdocs/symbnb2/src/Controller/HomeController.php
[Server(2626) file:///opt/lampp/htdocs/symbnb2] Document changed: file:///opt/lampp/htdocs/symbnb2/src/Controller/HomeController.php
[Server(2626) file:///opt/lampp/htdocs/symbnb2] Document changed: file:///opt/lampp/htdocs/symbnb2/src/Controller/HomeController.php
[Server(2626) file:///opt/lampp/htdocs/symbnb2] Document changed: file:///opt/lampp/htdocs/symbnb2/src/Controller/HomeController.php
[Server(2626) file:///opt/lampp/htdocs/symbnb2] Document changed: file:///opt/lampp/htdocs/symbnb2/src/Controller/HomeController.php
[Server(2626) file:///opt/lampp/htdocs/symbnb2] Document changed: file:///opt/lampp/htdocs/symbnb2/src/Controller/HomeController.php
[Server(2626) file:///opt/lampp/htdocs/symbnb2] Document changed: file:///opt/lampp/htdocs/symbnb2/src/Controller/HomeController.php
[Server(2626) file:///opt/lampp/htdocs/symbnb2] Document changed: file:///opt/lampp/htdocs/symbnb2/src/Controller/HomeController.php
[Server(2626) file:///opt/lampp/htdocs/symbnb2] Document changed: file:///opt/lampp/htdocs/symbnb2/src/Controller/HomeController.php
[Server(2626) file:///opt/lampp/htdocs/symbnb2] Document changed: file:///opt/lampp/htdocs/symbnb2/src/Controller/HomeController.php
[Server(2626) file:///opt/lampp/htdocs/symbnb2] Document changed: file:///opt/lampp/htdocs/symbnb2/src/Controller/HomeController.php
[Server(2626) file:///opt/lampp/htdocs/symbnb2] Document changed: file:///opt/lampp/htdocs/symbnb2/src/Controller/HomeController.php
[Server(2626) file:///opt/lampp/htdocs/symbnb2] Document changed: file:///opt/lampp/htdocs/symbnb2/src/Controller/HomeController.php
[Server(2626) file:///opt/lampp/htdocs/symbnb2] Document changed: file:///opt/lampp/htdocs/symbnb2/src/Controller/HomeController.php
[Server(2626) file:///opt/lampp/htdocs/symbnb2] Document changed: file:///opt/lampp/htdocs/symbnb2/src/Controller/HomeController.php
[Server(2626) file:///opt/lampp/htdocs/symbnb2] Document changed: file:///opt/lampp/htdocs/symbnb2/src/Controller/HomeController.php
[Server(2626) file:///opt/lampp/htdocs/symbnb2] Document changed: file:///opt/lampp/htdocs/symbnb2/src/Controller/HomeController.php
Invalid Selector...
[Server(2626) file:///opt/lampp/htdocs/symbnb2] Document changed: file:///opt/lampp/htdocs/symbnb2/src/Controller/HomeController.php
[Server(2626) file:///opt/lampp/htdocs/symbnb2] Document changed: file:///opt/lampp/htdocs/symbnb2/src/Controller/HomeController.php
[Server(2626) file:///opt/lampp/htdocs/symbnb2] Document changed: file:///opt/lampp/htdocs/symbnb2/src/Controller/HomeController.php
[Server(2626) file:///opt/lampp/htdocs/symbnb2] Document changed: file:///opt/lampp/htdocs/symbnb2/src/Controller/HomeController.php
[Server(2626) file:///opt/lampp/htdocs/symbnb2] Document changed: file:///opt/lampp/htdocs/symbnb2/src/Controller/HomeController.php
[Server(2626) file:///opt/lampp/htdocs/symbnb2] Document changed: file:///opt/lampp/htdocs/symbnb2/src/Controller/HomeController.php
[Server(2626) file:///opt/lampp/htdocs/symbnb2] Document changed: file:///opt/lampp/htdocs/symbnb2/src/Controller/HomeController.php
[Server(2626) file:///opt/lampp/htdocs/symbnb2] Document changed: file:///opt/lampp/htdocs/symbnb2/src/Controller/HomeController.php
[Server(2626) file:///opt/lampp/htdocs/symbnb2] Document changed: file:///opt/lampp/htdocs/symbnb2/src/Controller/HomeController.php
[Server(2626) file:///opt/lampp/htdocs/symbnb2] Document changed: file:///opt/lampp/htdocs/symbnb2/src/Controller/HomeController.php
[Server(2626) file:///opt/lampp/htdocs/symbnb2] Document changed: file:///opt/lampp/htdocs/symbnb2/src/Controller/HomeController.php
Invalid Selector...
[Server(2626) file:///opt/lampp/htdocs/symbnb2] Document changed: file:///opt/lampp/htdocs/symbnb2/src/Controller/HomeController.php
[Server(2626) file:///opt/lampp/htdocs/symbnb2] Document changed: file:///opt/lampp/htdocs/symbnb2/src/Controller/HomeController.php
[Server(2626) file:///opt/lampp/htdocs/symbnb2] Document changed: file:///opt/lampp/htdocs/symbnb2/src/Controller/HomeController.php
[Server(2626) file:///opt/lampp/htdocs/symbnb2] Document changed: file:///opt/lampp/htdocs/symbnb2/src/Controller/HomeController.php
[Server(2626) file:///opt/lampp/htdocs/symbnb2] Document changed: file:///opt/lampp/htdocs/symbnb2/src/Controller/HomeController.php
[Server(2626) file:///opt/lampp/htdocs/symbnb2] Document changed: file:///opt/lampp/htdocs/symbnb2/src/Controller/HomeController.php
[Server(2626) file:///opt/lampp/htdocs/symbnb2] Document changed: file:///opt/lampp/htdocs/symbnb2/src/Controller/HomeController.php
[Server(2626) file:///opt/lampp/htdocs/symbnb2] Document changed: file:///opt/lampp/htdocs/symbnb2/src/Controller/HomeController.php
[Server(2626) file:///opt/lampp/htdocs/symbnb2] Document changed: file:///opt/lampp/htdocs/symbnb2/src/Controller/HomeController.php
[Server(2626) file:///opt/lampp/htdocs/symbnb2] Document changed: file:///opt/lampp/htdocs/symbnb2/src/Controller/HomeController.php
[Server(2626) file:///opt/lampp/htdocs/symbnb2] Document changed: file:///opt/lampp/htdocs/symbnb2/src/Controller/HomeController.php
[Server(2626) file:///opt/lampp/htdocs/symbnb2] Document changed: file:///opt/lampp/htdocs/symbnb2/src/Controller/HomeController.php
[Server(2626) file:///opt/lampp/htdocs/symbnb2] Document changed: file:///opt/lampp/htdocs/symbnb2/src/Controller/HomeController.php
[Server(2626) file:///opt/lampp/htdocs/symbnb2] Document changed: file:///opt/lampp/htdocs/symbnb2/src/Controller/HomeController.php
[Server(2626) file:///opt/lampp/htdocs/symbnb2] Document changed: file:///opt/lampp/htdocs/symbnb2/src/Controller/HomeController.php
[Server(2626) file:///opt/lampp/htdocs/symbnb2] Document changed: file:///opt/lampp/htdocs/symbnb2/src/Controller/HomeController.php
[Server(2626) file:///opt/lampp/htdocs/symbnb2] Document changed: file:///opt/lampp/htdocs/symbnb2/src/Controller/HomeController.php
[Server(2626) file:///opt/lampp/htdocs/symbnb2] Document changed: file:///opt/lampp/htdocs/symbnb2/src/Controller/HomeController.php
[Server(2626) file:///opt/lampp/htdocs/symbnb2] Document changed: file:///opt/lampp/htdocs/symbnb2/src/Controller/HomeController.php
[Server(2626) file:///opt/lampp/htdocs/symbnb2] Document changed: file:///opt/lampp/htdocs/symbnb2/src/Controller/HomeController.php
[Server(2626) file:///opt/lampp/htdocs/symbnb2] Document changed: file:///opt/lampp/htdocs/symbnb2/src/Controller/HomeController.php
[Server(2626) file:///opt/lampp/htdocs/symbnb2] Document changed: file:///opt/lampp/htdocs/symbnb2/src/Controller/HomeController.php
[Server(2626) file:///opt/lampp/htdocs/symbnb2] Document changed: file:///opt/lampp/htdocs/symbnb2/src/Controller/HomeController.php
[Server(2626) file:///opt/lampp/htdocs/symbnb2] Document changed: file:///opt/lampp/htdocs/symbnb2/src/Controller/HomeController.php
[Server(2626) file:///opt/lampp/htdocs/symbnb2] Document changed: file:///opt/lampp/htdocs/symbnb2/src/Controller/HomeController.php
[Server(2626) file:///opt/lampp/htdocs/symbnb2] Document changed: file:///opt/lampp/htdocs/symbnb2/src/Controller/HomeController.php
[Server(2626) file:///opt/lampp/htdocs/symbnb2] Document changed: file:///opt/lampp/htdocs/symbnb2/src/Controller/HomeController.php
[Server(2626) file:///opt/lampp/htdocs/symbnb2] Document changed: file:///opt/lampp/htdocs/symbnb2/src/Controller/HomeController.php
[Server(2626) file:///opt/lampp/htdocs/symbnb2] Document changed: file:///opt/lampp/htdocs/symbnb2/src/Controller/HomeController.php
[Server(2626) file:///opt/lampp/htdocs/symbnb2] Document changed: file:///opt/lampp/htdocs/symbnb2/src/Controller/HomeController.php
[Server(2626) file:///opt/lampp/htdocs/symbnb2] Document changed: file:///opt/lampp/htdocs/symbnb2/src/Controller/HomeController.php
[Server(2626) file:///opt/lampp/htdocs/symbnb2] Document changed: file:///opt/lampp/htdocs/symbnb2/src/Controller/HomeController.php
[Server(2626) file:///opt/lampp/htdocs/symbnb2] Document changed: file:///opt/lampp/htdocs/symbnb2/src/Controller/HomeController.php
[Server(2626) file:///opt/lampp/htdocs/symbnb2] Document changed: file:///opt/lampp/htdocs/symbnb2/src/Controller/HomeController.php
[Server(2626) file:///opt/lampp/htdocs/symbnb2] Document changed: file:///opt/lampp/htdocs/symbnb2/src/Controller/HomeController.php
[Server(2626) file:///opt/lampp/htdocs/symbnb2] Document changed: file:///opt/lampp/htdocs/symbnb2/src/Controller/HomeController.php
[Server(2626) file:///opt/lampp/htdocs/symbnb2] Document changed: file:///opt/lampp/htdocs/symbnb2/src/Controller/HomeController.php
[Server(2626) file:///opt/lampp/htdocs/symbnb2] Document changed: file:///opt/lampp/htdocs/symbnb2/src/Controller/HomeController.php
[Server(2626) file:///opt/lampp/htdocs/symbnb2] Document changed: file:///opt/lampp/htdocs/symbnb2/src/Controller/HomeController.php
[Server(2626) file:///opt/lampp/htdocs/symbnb2] Document changed: file:///opt/lampp/htdocs/symbnb2/src/Controller/HomeController.php
[Server(2626) file:///opt/lampp/htdocs/symbnb2] Document changed: file:///opt/lampp/htdocs/symbnb2/src/Controller/HomeController.php
[Server(2626) file:///opt/lampp/htdocs/symbnb2] Document changed: file:///opt/lampp/htdocs/symbnb2/src/Controller/HomeController.php
[Server(2626) file:///opt/lampp/htdocs/symbnb2] Document changed: file:///opt/lampp/htdocs/symbnb2/src/Controller/HomeController.php
[Server(2626) file:///opt/lampp/htdocs/symbnb2] Document changed: file:///opt/lampp/htdocs/symbnb2/src/Controller/HomeController.php
[Server(2626) file:///opt/lampp/htdocs/symbnb2] Document changed: file:///opt/lampp/htdocs/symbnb2/src/Controller/HomeController.php
[Server(2626) file:///opt/lampp/htdocs/symbnb2] Document changed: file:///opt/lampp/htdocs/symbnb2/src/Controller/HomeController.php
[Server(2626) file:///opt/lampp/htdocs/symbnb2] Document changed: file:///opt/lampp/htdocs/symbnb2/src/Controller/HomeController.php
[Server(2626) file:///opt/lampp/htdocs/symbnb2] Document changed: file:///opt/lampp/htdocs/symbnb2/src/Controller/HomeController.php
[Server(2626) file:///opt/lampp/htdocs/symbnb2] Document changed: file:///opt/lampp/htdocs/symbnb2/src/Controller/HomeController.php
[Server(2626) file:///opt/lampp/htdocs/symbnb2] Document changed: file:///opt/lampp/htdocs/symbnb2/src/Controller/HomeController.php
[Server(2626) file:///opt/lampp/htdocs/symbnb2] Document changed: file:///opt/lampp/htdocs/symbnb2/src/Controller/HomeController.php
[Server(2626) file:///opt/lampp/htdocs/symbnb2] Document changed: file:///opt/lampp/htdocs/symbnb2/src/Controller/HomeController.php
[Server(2626) file:///opt/lampp/htdocs/symbnb2] Document changed: file:///opt/lampp/htdocs/symbnb2/src/Controller/HomeController.php
[Server(2626) file:///opt/lampp/htdocs/symbnb2] Document changed: file:///opt/lampp/htdocs/symbnb2/src/Controller/HomeController.php
[Server(2626) file:///opt/lampp/htdocs/symbnb2] Document changed: file:///opt/lampp/htdocs/symbnb2/src/Controller/HomeController.php
[Server(2626) file:///opt/lampp/htdocs/symbnb2] Document changed: file:///opt/lampp/htdocs/symbnb2/src/Controller/HomeController.php
[Server(2626) file:///opt/lampp/htdocs/symbnb2] Document changed: file:///opt/lampp/htdocs/symbnb2/src/Controller/HomeController.php
[Server(2626) file:///opt/lampp/htdocs/symbnb2] Document changed: file:///opt/lampp/htdocs/symbnb2/src/Controller/HomeController.php
[Server(2626) file:///opt/lampp/htdocs/symbnb2] Document changed: file:///opt/lampp/htdocs/symbnb2/src/Controller/HomeController.php
[Server(2626) file:///opt/lampp/htdocs/symbnb2] Document changed: file:///opt/lampp/htdocs/symbnb2/src/Controller/HomeController.php
[Server(2626) file:///opt/lampp/htdocs/symbnb2] Document changed: file:///opt/lampp/htdocs/symbnb2/src/Controller/HomeController.php
[Server(2626) file:///opt/lampp/htdocs/symbnb2] Document changed: file:///opt/lampp/htdocs/symbnb2/src/Controller/HomeController.php
[Server(2626) file:///opt/lampp/htdocs/symbnb2] Document changed: file:///opt/lampp/htdocs/symbnb2/src/Controller/HomeController.php
[Server(2626) file:///opt/lampp/htdocs/symbnb2] Document changed: file:///opt/lampp/htdocs/symbnb2/src/Controller/HomeController.php
[Server(2626) file:///opt/lampp/htdocs/symbnb2] Document changed: file:///opt/lampp/htdocs/symbnb2/src/Controller/HomeController.php
[Server(2626) file:///opt/lampp/htdocs/symbnb2] Document changed: file:///opt/lampp/htdocs/symbnb2/src/Controller/HomeController.php
[Server(2626) file:///opt/lampp/htdocs/symbnb2] Document changed: file:///opt/lampp/htdocs/symbnb2/src/Controller/HomeController.php
[Server(2626) file:///opt/lampp/htdocs/symbnb2] Document changed: file:///opt/lampp/htdocs/symbnb2/src/Controller/HomeController.php
[Server(2626) file:///opt/lampp/htdocs/symbnb2] Document changed: file:///opt/lampp/htdocs/symbnb2/src/Controller/HomeController.php
[Server(2626) file:///opt/lampp/htdocs/symbnb2] Document changed: file:///opt/lampp/htdocs/symbnb2/src/Controller/HomeController.php
[Server(2626) file:///opt/lampp/htdocs/symbnb2] Document changed: file:///opt/lampp/htdocs/symbnb2/src/Controller/HomeController.php
[Server(2626) file:///opt/lampp/htdocs/symbnb2] Document changed: file:///opt/lampp/htdocs/symbnb2/src/Controller/HomeController.php
[Server(2626) file:///opt/lampp/htdocs/symbnb2] Document changed: file:///opt/lampp/htdocs/symbnb2/src/Controller/HomeController.php
[Server(2626) file:///opt/lampp/htdocs/symbnb2] Document changed: file:///opt/lampp/htdocs/symbnb2/src/Controller/HomeController.php
[Server(2626) file:///opt/lampp/htdocs/symbnb2] Document changed: file:///opt/lampp/htdocs/symbnb2/src/Controller/HomeController.php
[Server(2626) file:///opt/lampp/htdocs/symbnb2] Document changed: file:///opt/lampp/htdocs/symbnb2/src/Controller/HomeController.php
[Server(2626) file:///opt/lampp/htdocs/symbnb2] Document changed: file:///opt/lampp/htdocs/symbnb2/src/Controller/HomeController.php
[Server(2626) file:///opt/lampp/htdocs/symbnb2] Document changed: file:///opt/lampp/htdocs/symbnb2/src/Controller/HomeController.php
[Server(2626) file:///opt/lampp/htdocs/symbnb2] Document changed: file:///opt/lampp/htdocs/symbnb2/src/Controller/HomeController.php
[Server(2626) file:///opt/lampp/htdocs/symbnb2] Document changed: file:///opt/lampp/htdocs/symbnb2/src/Controller/HomeController.php
[Server(2626) file:///opt/lampp/htdocs/symbnb2] Document changed: file:///opt/lampp/htdocs/symbnb2/src/Controller/HomeController.php
[Server(2626) file:///opt/lampp/htdocs/symbnb2] Document changed: file:///opt/lampp/htdocs/symbnb2/src/Controller/HomeController.php
[Server(2626) file:///opt/lampp/htdocs/symbnb2] Document changed: file:///opt/lampp/htdocs/symbnb2/src/Controller/HomeController.php
[Server(2626) file:///opt/lampp/htdocs/symbnb2] Document changed: file:///opt/lampp/htdocs/symbnb2/src/Controller/HomeController.php
[Server(2626) file:///opt/lampp/htdocs/symbnb2] Document changed: file:///opt/lampp/htdocs/symbnb2/src/Controller/HomeController.php
[Server(2626) file:///opt/lampp/htdocs/symbnb2] Document changed: file:///opt/lampp/htdocs/symbnb2/src/Controller/HomeController.php
[Server(2626) file:///opt/lampp/htdocs/symbnb2] Document changed: file:///opt/lampp/htdocs/symbnb2/src/Controller/HomeController.php
[Server(2626) file:///opt/lampp/htdocs/symbnb2] Document changed: file:///opt/lampp/htdocs/symbnb2/src/Controller/HomeController.php
[Server(2626) file:///opt/lampp/htdocs/symbnb2] Document changed: file:///opt/lampp/htdocs/symbnb2/src/Controller/HomeController.php
Invalid Selector...
[Server(2626) file:///opt/lampp/htdocs/symbnb2] Document changed: file:///opt/lampp/htdocs/symbnb2/src/Controller/HomeController.php
[Server(2626) file:///opt/lampp/htdocs/symbnb2] Document opened: file:///opt/lampp/htdocs/symbnb2/public/js/bootstrap.min.js
[Server(2626) file:///opt/lampp/htdocs/symbnb2] Document changed: file:///opt/lampp/htdocs/symbnb2/public/js/bootstrap.min.js
[Server(2626) file:///opt/lampp/htdocs/symbnb2] Document changed: file:///opt/lampp/htdocs/symbnb2/public/js/bootstrap.min.js
[Server(2626) file:///opt/lampp/htdocs/symbnb2] Document changed: file:///opt/lampp/htdocs/symbnb2/public/js/bootstrap.min.js
[Server(2626) file:///opt/lampp/htdocs/symbnb2] Document opened: file:///opt/lampp/htdocs/symbnb2/public/js/jquery.min.js
[Server(2626) file:///opt/lampp/htdocs/symbnb2] Document changed: file:///opt/lampp/htdocs/symbnb2/public/js/jquery.min.js
[Server(2626) file:///opt/lampp/htdocs/symbnb2] Document changed: file:///opt/lampp/htdocs/symbnb2/public/js/jquery.min.js
[Server(2626) file:///opt/lampp/htdocs/symbnb2] Document changed: file:///opt/lampp/htdocs/symbnb2/public/js/jquery.min.js
[Server(2626) file:///opt/lampp/htdocs/symbnb2] Document opened: file:///opt/lampp/htdocs/symbnb2/public/js/popper.min.js
[Server(2626) file:///opt/lampp/htdocs/symbnb2] Document changed: file:///opt/lampp/htdocs/symbnb2/public/js/popper.min.js
[Server(2626) file:///opt/lampp/htdocs/symbnb2] Document changed: file:///opt/lampp/htdocs/symbnb2/public/js/popper.min.js
[Server(2626) file:///opt/lampp/htdocs/symbnb2] Document changed: file:///opt/lampp/htdocs/symbnb2/public/js/popper.min.js
