[2019-08-14 18:31:00.223] [exthost] [info] extension host started
[2019-08-14 18:31:00.399] [exthost] [info] ExtensionService#_doActivateExtension ecmel.vscode-html-css {"startup":false,"activationEvent":"onLanguage:twig"}
[2019-08-14 18:31:00.399] [exthost] [info] ExtensionService#loadCommonJSModule /home/samappagency/.vscode/extensions/ecmel.vscode-html-css-0.2.0/out/src/extension
[2019-08-14 18:31:10.261] [exthost] [info] ExtensionService#_doActivateExtension mblode.twig-language-2 {"startup":false,"activationEvent":"onLanguage:twig"}
[2019-08-14 18:31:10.261] [exthost] [info] ExtensionService#loadCommonJSModule /home/samappagency/.vscode/extensions/mblode.twig-language-2-0.8.9/extension/index
[2019-08-14 18:31:10.723] [exthost] [info] ExtensionService#_doActivateExtension vscode.debug-auto-launch {"startup":true,"activationEvent":"*"}
[2019-08-14 18:31:10.723] [exthost] [info] ExtensionService#loadCommonJSModule /snap/code/12/usr/share/code/resources/app/extensions/debug-auto-launch/dist/extension
[2019-08-14 18:31:10.754] [exthost] [info] ExtensionService#_doActivateExtension vscode.emmet {"startup":true,"activationEvent":"*"}
[2019-08-14 18:31:10.754] [exthost] [info] ExtensionService#loadCommonJSModule /snap/code/12/usr/share/code/resources/app/extensions/emmet/dist/extension
[2019-08-14 18:31:10.834] [exthost] [info] ExtensionService#_doActivateExtension vscode.git {"startup":true,"activationEvent":"*"}
[2019-08-14 18:31:10.834] [exthost] [info] ExtensionService#loadCommonJSModule /snap/code/12/usr/share/code/resources/app/extensions/git/dist/main
[2019-08-14 18:31:11.263] [exthost] [info] ExtensionService#_doActivateExtension vscode.merge-conflict {"startup":true,"activationEvent":"*"}
[2019-08-14 18:31:11.263] [exthost] [info] ExtensionService#loadCommonJSModule /snap/code/12/usr/share/code/resources/app/extensions/merge-conflict/dist/extension
[2019-08-14 18:31:11.279] [exthost] [info] ExtensionService#_doActivateExtension bajdzis.vscode-database {"startup":true,"activationEvent":"*"}
[2019-08-14 18:31:11.279] [exthost] [info] ExtensionService#loadCommonJSModule /home/samappagency/.vscode/extensions/bajdzis.vscode-database-2.2.0/out/extension.js
[2019-08-14 18:31:11.533] [exthost] [info] ExtensionService#_doActivateExtension bajdzis.vscode-twig-pack {"startup":true,"activationEvent":"*"}
[2019-08-14 18:31:11.534] [exthost] [info] ExtensionService#loadCommonJSModule /home/samappagency/.vscode/extensions/bajdzis.vscode-twig-pack-1.0.0/extension
[2019-08-14 18:31:11.609] [exthost] [info] ExtensionService#_doActivateExtension cweijan.vscode-mysql-manager {"startup":true,"activationEvent":"*"}
[2019-08-14 18:31:11.609] [exthost] [info] ExtensionService#loadCommonJSModule /home/samappagency/.vscode/extensions/cweijan.vscode-mysql-manager-1.5.2/out/extension
[2019-08-14 18:31:11.864] [exthost] [info] ExtensionService#_doActivateExtension HookyQR.beautify {"startup":true,"activationEvent":"*"}
[2019-08-14 18:31:11.864] [exthost] [info] ExtensionService#loadCommonJSModule /home/samappagency/.vscode/extensions/hookyqr.beautify-1.5.0/extension
[2019-08-14 18:31:13.579] [exthost] [info] ExtensionService#_doActivateExtension michelemelluso.code-beautifier {"startup":true,"activationEvent":"*"}
[2019-08-14 18:31:13.579] [exthost] [info] ExtensionService#loadCommonJSModule /home/samappagency/.vscode/extensions/michelemelluso.code-beautifier-2.3.3/out/src/extension
[2019-08-14 18:31:15.198] [exthost] [info] ExtensionService#_doActivateExtension pranaygp.vscode-css-peek {"startup":true,"activationEvent":"*"}
[2019-08-14 18:31:15.198] [exthost] [info] ExtensionService#loadCommonJSModule /home/samappagency/.vscode/extensions/pranaygp.vscode-css-peek-3.0.2/out/client/src/extension
[2019-08-14 18:31:15.817] [exthost] [info] ExtensionService#_doActivateExtension Shan.code-settings-sync {"startup":true,"activationEvent":"*"}
[2019-08-14 18:31:15.817] [exthost] [info] ExtensionService#loadCommonJSModule /home/samappagency/.vscode/extensions/shan.code-settings-sync-3.4.1/out/extension.js
[2019-08-14 18:31:16.227] [exthost] [info] ExtensionService#_doActivateExtension Sophisticode.php-formatter {"startup":true,"activationEvent":"*"}
[2019-08-14 18:31:16.227] [exthost] [info] ExtensionService#loadCommonJSModule /home/samappagency/.vscode/extensions/sophisticode.php-formatter-0.2.4/out/extension
[2019-08-14 18:31:16.285] [exthost] [info] ExtensionService#_doActivateExtension vscode-icons-team.vscode-icons {"startup":true,"activationEvent":"*"}
[2019-08-14 18:31:16.285] [exthost] [info] ExtensionService#loadCommonJSModule /home/samappagency/.vscode/extensions/vscode-icons-team.vscode-icons-9.2.0/dist/src/vscode-icons.bundle.js
[2019-08-14 18:31:16.491] [exthost] [info] ExtensionService#_doActivateExtension Zignd.html-css-class-completion {"startup":true,"activationEvent":"*"}
[2019-08-14 18:31:16.491] [exthost] [info] ExtensionService#loadCommonJSModule /home/samappagency/.vscode/extensions/zignd.html-css-class-completion-1.19.0/out/src/extension
[2019-08-14 18:31:20.305] [exthost] [info] ExtensionService#_doActivateExtension felixfbecker.php-intellisense {"startup":true,"activationEvent":"workspaceContains:**/*.php"}
[2019-08-14 18:31:20.305] [exthost] [info] ExtensionService#loadCommonJSModule /home/samappagency/.vscode/extensions/felixfbecker.php-intellisense-2.3.10/out/extension
[2019-08-14 18:31:20.777] [exthost] [info] ExtensionService#_doActivateExtension TheNouillet.symfony-vscode {"startup":true,"activationEvent":"workspaceContains:**/composer.json"}
[2019-08-14 18:31:20.777] [exthost] [info] ExtensionService#loadCommonJSModule /home/samappagency/.vscode/extensions/thenouillet.symfony-vscode-1.0.2/out/extension
[2019-08-14 18:31:21.804] [exthost] [info] ExtensionService#_doActivateExtension n4zim.vscode-symfony {"startup":true,"activationEvent":"workspaceContains:**/composer.json"}
[2019-08-14 18:31:21.804] [exthost] [info] ExtensionService#loadCommonJSModule /home/samappagency/.vscode/extensions/n4zim.vscode-symfony-0.0.4/out/extension
[2019-08-14 18:31:25.722] [exthost] [info] eager extensions activated
[2019-08-14 18:31:35.012] [exthost] [info] ExtensionService#_doActivateExtension vscode.configuration-editing {"startup":false,"activationEvent":"onLanguage:jsonc"}
[2019-08-14 18:31:35.012] [exthost] [info] ExtensionService#loadCommonJSModule /snap/code/12/usr/share/code/resources/app/extensions/configuration-editing/dist/extension
[2019-08-14 18:31:35.031] [exthost] [info] ExtensionService#_doActivateExtension vscode.json-language-features {"startup":false,"activationEvent":"onLanguage:jsonc"}
[2019-08-14 18:31:35.031] [exthost] [info] ExtensionService#loadCommonJSModule /snap/code/12/usr/share/code/resources/app/extensions/json-language-features/client/dist/jsonMain
[2019-08-14 18:31:35.201] [exthost] [info] ExtensionService#_doActivateExtension vscode.typescript-language-features {"startup":false,"activationEvent":"onLanguage:jsonc"}
[2019-08-14 18:31:35.201] [exthost] [info] ExtensionService#loadCommonJSModule /snap/code/12/usr/share/code/resources/app/extensions/typescript-language-features/dist/extension
